2017-12-20 13:16:18,980 INFO [org.jasig.cas.ticket.registry.support.DefaultTicketRegistryCleaner] - 0 tickets found to be removed.
2017-12-20 13:16:18,980 INFO [org.jasig.cas.ticket.registry.support.DefaultTicketRegistryCleaner] - Finished ticket cleanup.
2017-12-20 13:17:17,384 INFO [org.jasig.cas.services.DefaultServicesManagerImpl] - Loaded 1 services.
2017-12-20 13:17:17,800 INFO [org.jasig.cas.util.AutowiringSchedulerFactoryBean] - Starting Quartz Scheduler now
2017-12-20 13:17:37,490 INFO [org.jasig.cas.ticket.registry.support.DefaultTicketRegistryCleaner] - Beginning ticket cleanup.
2017-12-20 13:17:37,493 INFO [org.jasig.cas.ticket.registry.support.DefaultTicketRegistryCleaner] - 0 tickets found to be removed.
2017-12-20 13:17:37,493 INFO [org.jasig.cas.ticket.registry.support.DefaultTicketRegistryCleaner] - Finished ticket cleanup.
2017-12-20 13:19:17,556 INFO [org.jasig.cas.services.DefaultServicesManagerImpl] - Reloading registered services.
2017-12-20 13:19:17,556 INFO [org.jasig.cas.services.DefaultServicesManagerImpl] - Loaded 1 services.
2017-12-20 13:21:17,525 INFO [org.jasig.cas.services.DefaultServicesManagerImpl] - Reloading registered services.
2017-12-20 13:21:17,526 INFO [org.jasig.cas.services.DefaultServicesManagerImpl] - Loaded 1 services.
2017-12-20 13:23:17,526 INFO [org.jasig.cas.services.DefaultServicesManagerImpl] - Reloading registered services.
2017-12-20 13:23:17,526 INFO [org.jasig.cas.services.DefaultServicesManagerImpl] - Loaded 1 services.
2017-12-20 13:25:17,526 INFO [org.jasig.cas.services.DefaultServicesManagerImpl] - Reloading registered services.
2017-12-20 13:25:17,527 INFO [org.jasig.cas.services.DefaultServicesManagerImpl] - Loaded 1 services.
2017-12-20 13:27:17,525 INFO [org.jasig.cas.services.DefaultServicesManagerImpl] - Reloading registered services.
2017-12-20 13:27:17,525 INFO [org.jasig.cas.services.DefaultServicesManagerImpl] - Loaded 1 services.
2017-12-20 13:29:17,525 INFO [org.jasig.cas.services.DefaultServicesManagerImpl] - Reloading registered services.
2017-12-20 13:29:17,526 INFO [org.jasig.cas.services.DefaultServicesManagerImpl] - Loaded 1 services.
2017-12-20 13:31:17,526 INFO [org.jasig.cas.services.DefaultServicesManagerImpl] - Reloading registered services.
2017-12-20 13:31:17,527 INFO [org.jasig.cas.services.DefaultServicesManagerImpl] - Loaded 1 services.
2017-12-20 13:33:17,525 INFO [org.jasig.cas.services.DefaultServicesManagerImpl] - Reloading registered services.
2017-12-20 13:33:17,526 INFO [org.jasig.cas.services.DefaultServicesManagerImpl] - Loaded 1 services.
2017-12-20 13:35:17,526 INFO [org.jasig.cas.services.DefaultServicesManagerImpl] - Reloading registered services.
2017-12-20 13:35:17,527 INFO [org.jasig.cas.services.DefaultServicesManagerImpl] - Loaded 1 services.
2017-12-20 13:56:13,001 INFO [org.jasig.cas.services.DefaultServicesManagerImpl] - Loaded 1 services.
2017-12-20 13:56:13,393 INFO [org.jasig.cas.util.AutowiringSchedulerFactoryBean] - Starting Quartz Scheduler now
2017-12-20 13:56:33,129 INFO [org.jasig.cas.ticket.registry.support.DefaultTicketRegistryCleaner] - Beginning ticket cleanup.
2017-12-20 13:56:33,133 INFO [org.jasig.cas.ticket.registry.support.DefaultTicketRegistryCleaner] - 0 tickets found to be removed.
2017-12-20 13:56:33,133 INFO [org.jasig.cas.ticket.registry.support.DefaultTicketRegistryCleaner] - Finished ticket cleanup.
2017-12-20 13:58:13,161 INFO [org.jasig.cas.services.DefaultServicesManagerImpl] - Reloading registered services.
2017-12-20 13:58:13,162 INFO [org.jasig.cas.services.DefaultServicesManagerImpl] - Loaded 1 services.
2017-12-20 14:00:13,151 INFO [org.jasig.cas.services.DefaultServicesManagerImpl] - Reloading registered services.
2017-12-20 14:00:13,152 INFO [org.jasig.cas.services.DefaultServicesManagerImpl] - Loaded 1 services.
2017-12-20 14:02:13,150 INFO [org.jasig.cas.services.DefaultServicesManagerImpl] - Reloading registered services.
2017-12-20 14:02:13,151 INFO [org.jasig.cas.services.DefaultServicesManagerImpl] - Loaded 1 services.
2017-12-20 14:04:13,151 INFO [org.jasig.cas.services.DefaultServicesManagerImpl] - Reloading registered services.
2017-12-20 14:04:13,152 INFO [org.jasig.cas.services.DefaultServicesManagerImpl] - Loaded 1 services.
2017-12-20 14:06:13,151 INFO [org.jasig.cas.services.DefaultServicesManagerImpl] - Reloading registered services.
2017-12-20 14:06:13,152 INFO [org.jasig.cas.services.DefaultServicesManagerImpl] - Loaded 1 services.
2017-12-20 14:08:13,150 INFO [org.jasig.cas.services.DefaultServicesManagerImpl] - Reloading registered services.
2017-12-20 14:08:13,151 INFO [org.jasig.cas.services.DefaultServicesManagerImpl] - Loaded 1 services.
2017-12-20 14:10:13,151 INFO [org.jasig.cas.services.DefaultServicesManagerImpl] - Reloading registered services.
2017-12-20 14:10:13,151 INFO [org.jasig.cas.services.DefaultServicesManagerImpl] - Loaded 1 services.
2017-12-20 14:12:13,150 INFO [org.jasig.cas.services.DefaultServicesManagerImpl] - Reloading registered services.
2017-12-20 14:12:13,151 INFO [org.jasig.cas.services.DefaultServicesManagerImpl] - Loaded 1 services.
2017-12-20 14:14:13,150 INFO [org.jasig.cas.services.DefaultServicesManagerImpl] - Reloading registered services.
2017-12-20 14:14:13,151 INFO [org.jasig.cas.services.DefaultServicesManagerImpl] - Loaded 1 services.
2017-12-20 14:16:13,150 INFO [org.jasig.cas.services.DefaultServicesManagerImpl] - Reloading registered services.
2017-12-20 14:16:13,151 INFO [org.jasig.cas.services.DefaultServicesManagerImpl] - Loaded 1 services.
2017-12-20 14:18:13,151 INFO [org.jasig.cas.services.DefaultServicesManagerImpl] - Reloading registered services.
2017-12-20 14:18:13,152 INFO [org.jasig.cas.services.DefaultServicesManagerImpl] - Loaded 1 services.
2017-12-20 14:20:13,150 INFO [org.jasig.cas.services.DefaultServicesManagerImpl] - Reloading registered services.
2017-12-20 14:20:13,151 INFO [org.jasig.cas.services.DefaultServicesManagerImpl] - Loaded 1 services.
2017-12-20 14:22:13,150 INFO [org.jasig.cas.services.DefaultServicesManagerImpl] - Reloading registered services.
2017-12-20 14:22:13,151 INFO [org.jasig.cas.services.DefaultServicesManagerImpl] - Loaded 1 services.
2017-12-20 14:24:13,151 INFO [org.jasig.cas.services.DefaultServicesManagerImpl] - Reloading registered services.
2017-12-20 14:24:13,152 INFO [org.jasig.cas.services.DefaultServicesManagerImpl] - Loaded 1 services.
2017-12-20 14:26:13,153 INFO [org.jasig.cas.services.DefaultServicesManagerImpl] - Reloading registered services.
2017-12-20 14:26:13,154 INFO [org.jasig.cas.services.DefaultServicesManagerImpl] - Loaded 1 services.
2017-12-20 14:28:13,152 INFO [org.jasig.cas.services.DefaultServicesManagerImpl] - Reloading registered services.
2017-12-20 14:28:13,152 INFO [org.jasig.cas.services.DefaultServicesManagerImpl] - Loaded 1 services.
2017-12-20 14:30:13,151 INFO [org.jasig.cas.services.DefaultServicesManagerImpl] - Reloading registered services.
2017-12-20 14:30:13,152 INFO [org.jasig.cas.services.DefaultServicesManagerImpl] - Loaded 1 services.
2017-12-20 14:32:13,150 INFO [org.jasig.cas.services.DefaultServicesManagerImpl] - Reloading registered services.
2017-12-20 14:32:13,151 INFO [org.jasig.cas.services.DefaultServicesManagerImpl] - Loaded 1 services.
2017-12-20 14:34:13,150 INFO [org.jasig.cas.services.DefaultServicesManagerImpl] - Reloading registered services.
2017-12-20 14:34:13,151 INFO [org.jasig.cas.services.DefaultServicesManagerImpl] - Loaded 1 services.
2017-12-20 14:36:13,151 INFO [org.jasig.cas.services.DefaultServicesManagerImpl] - Reloading registered services.
2017-12-20 14:36:13,152 INFO [org.jasig.cas.services.DefaultServicesManagerImpl] - Loaded 1 services.
2017-12-20 14:38:13,151 INFO [org.jasig.cas.services.DefaultServicesManagerImpl] - Reloading registered services.
2017-12-20 14:38:13,152 INFO [org.jasig.cas.services.DefaultServicesManagerImpl] - Loaded 1 services.
2017-12-20 14:40:13,150 INFO [org.jasig.cas.services.DefaultServicesManagerImpl] - Reloading registered services.
2017-12-20 14:40:13,151 INFO [org.jasig.cas.services.DefaultServicesManagerImpl] - Loaded 1 services.
2017-12-20 14:42:13,150 INFO [org.jasig.cas.services.DefaultServicesManagerImpl] - Reloading registered services.
2017-12-20 14:42:13,151 INFO [org.jasig.cas.services.DefaultServicesManagerImpl] - Loaded 1 services.
2017-12-20 14:44:13,150 INFO [org.jasig.cas.services.DefaultServicesManagerImpl] - Reloading registered services.
2017-12-20 14:44:13,150 INFO [org.jasig.cas.services.DefaultServicesManagerImpl] - Loaded 1 services.
2017-12-20 14:46:13,151 INFO [org.jasig.cas.services.DefaultServicesManagerImpl] - Reloading registered services.
2017-12-20 14:46:13,152 INFO [org.jasig.cas.services.DefaultServicesManagerImpl] - Loaded 1 services.
2017-12-20 14:48:13,151 INFO [org.jasig.cas.services.DefaultServicesManagerImpl] - Reloading registered services.
2017-12-20 14:48:13,152 INFO [org.jasig.cas.services.DefaultServicesManagerImpl] - Loaded 1 services.
2017-12-20 14:50:13,150 INFO [org.jasig.cas.services.DefaultServicesManagerImpl] - Reloading registered services.
2017-12-20 14:50:13,151 INFO [org.jasig.cas.services.DefaultServicesManagerImpl] - Loaded 1 services.
2017-12-20 14:52:13,150 INFO [org.jasig.cas.services.DefaultServicesManagerImpl] - Reloading registered services.
2017-12-20 14:52:13,151 INFO [org.jasig.cas.services.DefaultServicesManagerImpl] - Loaded 1 services.
2017-12-20 14:54:13,150 INFO [org.jasig.cas.services.DefaultServicesManagerImpl] - Reloading registered services.
2017-12-20 14:54:13,151 INFO [org.jasig.cas.services.DefaultServicesManagerImpl] - Loaded 1 services.
2017-12-20 14:56:13,150 INFO [org.jasig.cas.services.DefaultServicesManagerImpl] - Reloading registered services.
2017-12-20 14:56:13,151 INFO [org.jasig.cas.services.DefaultServicesManagerImpl] - Loaded 1 services.
2017-12-20 14:58:13,151 INFO [org.jasig.cas.services.DefaultServicesManagerImpl] - Reloading registered services.
2017-12-20 14:58:13,151 INFO [org.jasig.cas.services.DefaultServicesManagerImpl] - Loaded 1 services.
2017-12-20 15:00:13,151 INFO [org.jasig.cas.services.DefaultServicesManagerImpl] - Reloading registered services.
2017-12-20 15:00:13,152 INFO [org.jasig.cas.services.DefaultServicesManagerImpl] - Loaded 1 services.
2017-12-20 15:02:13,151 INFO [org.jasig.cas.services.DefaultServicesManagerImpl] - Reloading registered services.
2017-12-20 15:02:13,152 INFO [org.jasig.cas.services.DefaultServicesManagerImpl] - Loaded 1 services.
2017-12-20 15:04:13,150 INFO [org.jasig.cas.services.DefaultServicesManagerImpl] - Reloading registered services.
2017-12-20 15:04:13,151 INFO [org.jasig.cas.services.DefaultServicesManagerImpl] - Loaded 1 services.
2017-12-20 15:06:13,151 INFO [org.jasig.cas.services.DefaultServicesManagerImpl] - Reloading registered services.
2017-12-20 15:06:13,151 INFO [org.jasig.cas.services.DefaultServicesManagerImpl] - Loaded 1 services.
2017-12-20 15:08:13,151 INFO [org.jasig.cas.services.DefaultServicesManagerImpl] - Reloading registered services.
2017-12-20 15:08:13,152 INFO [org.jasig.cas.services.DefaultServicesManagerImpl] - Loaded 1 services.
2017-12-20 15:10:13,151 INFO [org.jasig.cas.services.DefaultServicesManagerImpl] - Reloading registered services.
2017-12-20 15:10:13,152 INFO [org.jasig.cas.services.DefaultServicesManagerImpl] - Loaded 1 services.
2017-12-20 15:12:13,151 INFO [org.jasig.cas.services.DefaultServicesManagerImpl] - Reloading registered services.
2017-12-20 15:12:13,151 INFO [org.jasig.cas.services.DefaultServicesManagerImpl] - Loaded 1 services.
2017-12-20 15:14:13,150 INFO [org.jasig.cas.services.DefaultServicesManagerImpl] - Reloading registered services.
2017-12-20 15:14:13,151 INFO [org.jasig.cas.services.DefaultServicesManagerImpl] - Loaded 1 services.
2017-12-20 15:16:13,151 INFO [org.jasig.cas.services.DefaultServicesManagerImpl] - Reloading registered services.
2017-12-20 15:16:13,152 INFO [org.jasig.cas.services.DefaultServicesManagerImpl] - Loaded 1 services.
2017-12-20 15:18:13,151 INFO [org.jasig.cas.services.DefaultServicesManagerImpl] - Reloading registered services.
2017-12-20 15:18:13,152 INFO [org.jasig.cas.services.DefaultServicesManagerImpl] - Loaded 1 services.
2017-12-20 15:19:53,085 INFO [org.jasig.cas.ticket.registry.support.DefaultTicketRegistryCleaner] - Beginning ticket cleanup.
2017-12-20 15:19:53,086 INFO [org.jasig.cas.ticket.registry.support.DefaultTicketRegistryCleaner] - 0 tickets found to be removed.
2017-12-20 15:19:53,088 INFO [org.jasig.cas.ticket.registry.support.DefaultTicketRegistryCleaner] - Finished ticket cleanup.
2017-12-20 15:20:13,150 INFO [org.jasig.cas.services.DefaultServicesManagerImpl] - Reloading registered services.
2017-12-20 15:20:13,151 INFO [org.jasig.cas.services.DefaultServicesManagerImpl] - Loaded 1 services.
2017-12-20 15:22:13,151 INFO [org.jasig.cas.services.DefaultServicesManagerImpl] - Reloading registered services.
2017-12-20 15:22:13,152 INFO [org.jasig.cas.services.DefaultServicesManagerImpl] - Loaded 1 services.
2017-12-20 15:24:13,150 INFO [org.jasig.cas.services.DefaultServicesManagerImpl] - Reloading registered services.
2017-12-20 15:24:13,151 INFO [org.jasig.cas.services.DefaultServicesManagerImpl] - Loaded 1 services.
2017-12-20 15:26:13,150 INFO [org.jasig.cas.services.DefaultServicesManagerImpl] - Reloading registered services.
2017-12-20 15:26:13,150 INFO [org.jasig.cas.services.DefaultServicesManagerImpl] - Loaded 1 services.
2017-12-20 15:28:13,151 INFO [org.jasig.cas.services.DefaultServicesManagerImpl] - Reloading registered services.
2017-12-20 15:28:13,152 INFO [org.jasig.cas.services.DefaultServicesManagerImpl] - Loaded 1 services.
2017-12-20 15:30:13,150 INFO [org.jasig.cas.services.DefaultServicesManagerImpl] - Reloading registered services.
2017-12-20 15:30:13,151 INFO [org.jasig.cas.services.DefaultServicesManagerImpl] - Loaded 1 services.
2017-12-20 15:32:13,151 INFO [org.jasig.cas.services.DefaultServicesManagerImpl] - Reloading registered services.
2017-12-20 15:32:13,152 INFO [org.jasig.cas.services.DefaultServicesManagerImpl] - Loaded 1 services.
2017-12-20 15:34:13,151 INFO [org.jasig.cas.services.DefaultServicesManagerImpl] - Reloading registered services.
2017-12-20 15:34:13,152 INFO [org.jasig.cas.services.DefaultServicesManagerImpl] - Loaded 1 services.
2017-12-20 15:36:13,151 INFO [org.jasig.cas.services.DefaultServicesManagerImpl] - Reloading registered services.
2017-12-20 15:36:13,152 INFO [org.jasig.cas.services.DefaultServicesManagerImpl] - Loaded 1 services.
2017-12-20 15:38:13,150 INFO [org.jasig.cas.services.DefaultServicesManagerImpl] - Reloading registered services.
2017-12-20 15:38:13,150 INFO [org.jasig.cas.services.DefaultServicesManagerImpl] - Loaded 1 services.
2017-12-20 15:40:13,151 INFO [org.jasig.cas.services.DefaultServicesManagerImpl] - Reloading registered services.
2017-12-20 15:40:13,152 INFO [org.jasig.cas.services.DefaultServicesManagerImpl] - Loaded 1 services.
2017-12-20 15:42:13,150 INFO [org.jasig.cas.services.DefaultServicesManagerImpl] - Reloading registered services.
2017-12-20 15:42:13,151 INFO [org.jasig.cas.services.DefaultServicesManagerImpl] - Loaded 1 services.
2017-12-20 15:44:13,151 INFO [org.jasig.cas.services.DefaultServicesManagerImpl] - Reloading registered services.
2017-12-20 15:44:13,152 INFO [org.jasig.cas.services.DefaultServicesManagerImpl] - Loaded 1 services.
2017-12-20 15:44:14,409 INFO [org.jasig.cas.web.flow.InitialFlowSetupAction] - Setting path for cookies to: /cas/
2017-12-20 15:44:14,409 INFO [org.jasig.cas.web.flow.InitialFlowSetupAction] - Setting path for cookies to: /cas/
2017-12-20 15:46:13,151 INFO [org.jasig.cas.services.DefaultServicesManagerImpl] - Reloading registered services.
2017-12-20 15:46:13,151 INFO [org.jasig.cas.services.DefaultServicesManagerImpl] - Loaded 1 services.
2017-12-20 15:48:13,151 INFO [org.jasig.cas.services.DefaultServicesManagerImpl] - Reloading registered services.
2017-12-20 15:48:13,151 INFO [org.jasig.cas.services.DefaultServicesManagerImpl] - Loaded 1 services.
2017-12-20 15:50:13,151 INFO [org.jasig.cas.services.DefaultServicesManagerImpl] - Reloading registered services.
2017-12-20 15:50:13,152 INFO [org.jasig.cas.services.DefaultServicesManagerImpl] - Loaded 1 services.
2017-12-20 15:52:13,151 INFO [org.jasig.cas.services.DefaultServicesManagerImpl] - Reloading registered services.
2017-12-20 15:52:13,151 INFO [org.jasig.cas.services.DefaultServicesManagerImpl] - Loaded 1 services.
2017-12-20 15:54:13,150 INFO [org.jasig.cas.services.DefaultServicesManagerImpl] - Reloading registered services.
2017-12-20 15:54:13,151 INFO [org.jasig.cas.services.DefaultServicesManagerImpl] - Loaded 1 services.
2017-12-20 15:56:13,151 INFO [org.jasig.cas.services.DefaultServicesManagerImpl] - Reloading registered services.
2017-12-20 15:56:13,151 INFO [org.jasig.cas.services.DefaultServicesManagerImpl] - Loaded 1 services.
2017-12-20 15:58:13,150 INFO [org.jasig.cas.services.DefaultServicesManagerImpl] - Reloading registered services.
2017-12-20 15:58:13,151 INFO [org.jasig.cas.services.DefaultServicesManagerImpl] - Loaded 1 services.
2017-12-20 16:00:13,151 INFO [org.jasig.cas.services.DefaultServicesManagerImpl] - Reloading registered services.
2017-12-20 16:00:13,152 INFO [org.jasig.cas.services.DefaultServicesManagerImpl] - Loaded 1 services.
