十二月 19, 2017 3:49:01 下午 org.apache.catalina.startup.VersionLoggerListener log
信息: Server version:        Apache Tomcat/7.0.82
十二月 19, 2017 3:49:01 下午 org.apache.catalina.startup.VersionLoggerListener log
信息: Server built:          Sep 29 2017 12:23:15 UTC
十二月 19, 2017 3:49:01 下午 org.apache.catalina.startup.VersionLoggerListener log
信息: Server number:         7.0.82.0
十二月 19, 2017 3:49:01 下午 org.apache.catalina.startup.VersionLoggerListener log
信息: OS Name:               Windows 10
十二月 19, 2017 3:49:01 下午 org.apache.catalina.startup.VersionLoggerListener log
信息: OS Version:            10.0
十二月 19, 2017 3:49:01 下午 org.apache.catalina.startup.VersionLoggerListener log
信息: Architecture:          x86
十二月 19, 2017 3:49:01 下午 org.apache.catalina.startup.VersionLoggerListener log
信息: Java Home:             C:\Program Files (x86)\Java\jdk1.8.0_144\jre
十二月 19, 2017 3:49:01 下午 org.apache.catalina.startup.VersionLoggerListener log
信息: JVM Version:           1.8.0_144-b01
十二月 19, 2017 3:49:01 下午 org.apache.catalina.startup.VersionLoggerListener log
信息: JVM Vendor:            Oracle Corporation
十二月 19, 2017 3:49:01 下午 org.apache.catalina.startup.VersionLoggerListener log
信息: CATALINA_BASE:         D:\Program Files\cas-tomcat\apache-tomcat-7
十二月 19, 2017 3:49:01 下午 org.apache.catalina.startup.VersionLoggerListener log
信息: CATALINA_HOME:         D:\Program Files\cas-tomcat\apache-tomcat-7
十二月 19, 2017 3:49:01 下午 org.apache.catalina.startup.VersionLoggerListener log
信息: Command line argument: -Djava.util.logging.config.file=D:\Program Files\cas-tomcat\apache-tomcat-7\conf\logging.properties
十二月 19, 2017 3:49:01 下午 org.apache.catalina.startup.VersionLoggerListener log
信息: Command line argument: -Djava.util.logging.manager=org.apache.juli.ClassLoaderLogManager
十二月 19, 2017 3:49:01 下午 org.apache.catalina.startup.VersionLoggerListener log
信息: Command line argument: -Djdk.tls.ephemeralDHKeySize=2048
十二月 19, 2017 3:49:01 下午 org.apache.catalina.startup.VersionLoggerListener log
信息: Command line argument: -Djava.endorsed.dirs=D:\Program Files\cas-tomcat\apache-tomcat-7\endorsed
十二月 19, 2017 3:49:01 下午 org.apache.catalina.startup.VersionLoggerListener log
信息: Command line argument: -Dcatalina.base=D:\Program Files\cas-tomcat\apache-tomcat-7
十二月 19, 2017 3:49:01 下午 org.apache.catalina.startup.VersionLoggerListener log
信息: Command line argument: -Dcatalina.home=D:\Program Files\cas-tomcat\apache-tomcat-7
十二月 19, 2017 3:49:01 下午 org.apache.catalina.startup.VersionLoggerListener log
信息: Command line argument: -Djava.io.tmpdir=D:\Program Files\cas-tomcat\apache-tomcat-7\temp
十二月 19, 2017 3:49:01 下午 org.apache.catalina.core.AprLifecycleListener lifecycleEvent
信息: The APR based Apache Tomcat Native library which allows optimal performance in production environments was not found on the java.library.path: C:\Program Files (x86)\Java\jdk1.8.0_144\bin;C:\windows\Sun\Java\bin;C:\windows\system32;C:\windows;C:\ProgramData\Oracle\Java\javapath;C:\windows\system32;C:\windows;C:\windows\System32\Wbem;C:\windows\System32\WindowsPowerShell\v1.0\;C:\Program Files (x86)\Java\jdk1.8.0_144\bin;F:\sdk\platform-tools;F:\sdk\tools;F:\Python;F:\Python\Scripts;C:\Program Files\Git\cmd;C:\Program Files\TortoiseSVN\bin;C:\Program Files (x86)\Java\jdk1.8.0_144\jre\bin;C:\Program Files (x86)\Java\jdk1.8.0_144\lib\dt.jar;C:\Program Files (x86)\Java\jdk1.8.0_144\lib\tools.jar;D:\Program Files\mysql-5.7\bin;C:\Users\Administrator\AppData\Local\Microsoft\WindowsApps;.
十二月 19, 2017 3:49:01 下午 org.apache.coyote.AbstractProtocol init
信息: Initializing ProtocolHandler ["http-bio-8081"]
十二月 19, 2017 3:49:01 下午 org.apache.coyote.AbstractProtocol init
信息: Initializing ProtocolHandler ["ajp-bio-8009"]
十二月 19, 2017 3:49:01 下午 org.apache.catalina.startup.Catalina load
信息: Initialization processed in 452 ms
十二月 19, 2017 3:49:01 下午 org.apache.catalina.core.StandardService startInternal
信息: Starting service Catalina
十二月 19, 2017 3:49:01 下午 org.apache.catalina.core.StandardEngine startInternal
信息: Starting Servlet Engine: Apache Tomcat/7.0.82
十二月 19, 2017 3:49:01 下午 org.apache.catalina.startup.HostConfig deployDirectory
信息: Deploying web application directory D:\Program Files\cas-tomcat\apache-tomcat-7\webapps\cas
十二月 19, 2017 3:49:03 下午 org.apache.catalina.startup.TldConfig execute
信息: At least one JAR was scanned for TLDs yet contained no TLDs. Enable debug logging for this logger for a complete list of JARs that were scanned but no TLDs were found in them. Skipping unneeded JARs during scanning can improve startup time and JSP compilation time.
十二月 19, 2017 3:49:04 下午 org.apache.catalina.core.StandardContext startInternal
严重: One or more Filters failed to start. Full details will be found in the appropriate container log file
十二月 19, 2017 3:49:04 下午 org.apache.catalina.core.StandardContext startInternal
严重: Context [/cas] startup failed due to previous errors
十二月 19, 2017 3:49:04 下午 org.apache.catalina.loader.WebappClassLoaderBase clearReferencesThreads
严重: The web application [/cas] appears to have started a thread named [perf4j-async-stats-appender-sink-CoalescingStatistics] but has failed to stop it. This is very likely to create a memory leak.
十二月 19, 2017 3:49:04 下午 org.apache.catalina.loader.WebappClassLoaderBase clearReferencesThreads
严重: The web application [/cas] appears to have started a thread named [FileWatchdog] but has failed to stop it. This is very likely to create a memory leak.
十二月 19, 2017 3:49:04 下午 org.apache.catalina.startup.HostConfig deployDirectory
信息: Deployment of web application directory D:\Program Files\cas-tomcat\apache-tomcat-7\webapps\cas has finished in 3,446 ms
十二月 19, 2017 3:49:04 下午 org.apache.catalina.startup.HostConfig deployDirectory
信息: Deploying web application directory D:\Program Files\cas-tomcat\apache-tomcat-7\webapps\docs
十二月 19, 2017 3:49:05 下午 org.apache.catalina.startup.HostConfig deployDirectory
信息: Deployment of web application directory D:\Program Files\cas-tomcat\apache-tomcat-7\webapps\docs has finished in 40 ms
十二月 19, 2017 3:49:05 下午 org.apache.catalina.startup.HostConfig deployDirectory
信息: Deploying web application directory D:\Program Files\cas-tomcat\apache-tomcat-7\webapps\examples
十二月 19, 2017 3:49:05 下午 org.apache.catalina.startup.HostConfig deployDirectory
信息: Deployment of web application directory D:\Program Files\cas-tomcat\apache-tomcat-7\webapps\examples has finished in 154 ms
十二月 19, 2017 3:49:05 下午 org.apache.catalina.startup.HostConfig deployDirectory
信息: Deploying web application directory D:\Program Files\cas-tomcat\apache-tomcat-7\webapps\host-manager
十二月 19, 2017 3:49:05 下午 org.apache.catalina.startup.HostConfig deployDirectory
信息: Deployment of web application directory D:\Program Files\cas-tomcat\apache-tomcat-7\webapps\host-manager has finished in 101 ms
十二月 19, 2017 3:49:05 下午 org.apache.catalina.startup.HostConfig deployDirectory
信息: Deploying web application directory D:\Program Files\cas-tomcat\apache-tomcat-7\webapps\manager
十二月 19, 2017 3:49:05 下午 org.apache.catalina.startup.HostConfig deployDirectory
信息: Deployment of web application directory D:\Program Files\cas-tomcat\apache-tomcat-7\webapps\manager has finished in 32 ms
十二月 19, 2017 3:49:05 下午 org.apache.catalina.startup.HostConfig deployDirectory
信息: Deploying web application directory D:\Program Files\cas-tomcat\apache-tomcat-7\webapps\ROOT
十二月 19, 2017 3:49:05 下午 org.apache.catalina.startup.HostConfig deployDirectory
信息: Deployment of web application directory D:\Program Files\cas-tomcat\apache-tomcat-7\webapps\ROOT has finished in 29 ms
十二月 19, 2017 3:49:05 下午 org.apache.coyote.AbstractProtocol start
信息: Starting ProtocolHandler ["http-bio-8081"]
十二月 19, 2017 3:49:05 下午 org.apache.coyote.AbstractProtocol start
信息: Starting ProtocolHandler ["ajp-bio-8009"]
十二月 19, 2017 3:49:05 下午 org.apache.catalina.startup.Catalina start
信息: Server startup in 3856 ms
十二月 19, 2017 3:52:40 下午 org.apache.catalina.startup.VersionLoggerListener log
信息: Server version:        Apache Tomcat/7.0.82
十二月 19, 2017 3:52:40 下午 org.apache.catalina.startup.VersionLoggerListener log
信息: Server built:          Sep 29 2017 12:23:15 UTC
十二月 19, 2017 3:52:40 下午 org.apache.catalina.startup.VersionLoggerListener log
信息: Server number:         7.0.82.0
十二月 19, 2017 3:52:40 下午 org.apache.catalina.startup.VersionLoggerListener log
信息: OS Name:               Windows 10
十二月 19, 2017 3:52:40 下午 org.apache.catalina.startup.VersionLoggerListener log
信息: OS Version:            10.0
十二月 19, 2017 3:52:40 下午 org.apache.catalina.startup.VersionLoggerListener log
信息: Architecture:          x86
十二月 19, 2017 3:52:40 下午 org.apache.catalina.startup.VersionLoggerListener log
信息: Java Home:             C:\Program Files (x86)\Java\jdk1.8.0_144\jre
十二月 19, 2017 3:52:40 下午 org.apache.catalina.startup.VersionLoggerListener log
信息: JVM Version:           1.8.0_144-b01
十二月 19, 2017 3:52:40 下午 org.apache.catalina.startup.VersionLoggerListener log
信息: JVM Vendor:            Oracle Corporation
十二月 19, 2017 3:52:40 下午 org.apache.catalina.startup.VersionLoggerListener log
信息: CATALINA_BASE:         D:\Program Files\cas-tomcat\apache-tomcat-7
十二月 19, 2017 3:52:40 下午 org.apache.catalina.startup.VersionLoggerListener log
信息: CATALINA_HOME:         D:\Program Files\cas-tomcat\apache-tomcat-7
十二月 19, 2017 3:52:40 下午 org.apache.catalina.startup.VersionLoggerListener log
信息: Command line argument: -Djava.util.logging.config.file=D:\Program Files\cas-tomcat\apache-tomcat-7\conf\logging.properties
十二月 19, 2017 3:52:40 下午 org.apache.catalina.startup.VersionLoggerListener log
信息: Command line argument: -Djava.util.logging.manager=org.apache.juli.ClassLoaderLogManager
十二月 19, 2017 3:52:40 下午 org.apache.catalina.startup.VersionLoggerListener log
信息: Command line argument: -Djdk.tls.ephemeralDHKeySize=2048
十二月 19, 2017 3:52:40 下午 org.apache.catalina.startup.VersionLoggerListener log
信息: Command line argument: -Djava.endorsed.dirs=D:\Program Files\cas-tomcat\apache-tomcat-7\endorsed
十二月 19, 2017 3:52:40 下午 org.apache.catalina.startup.VersionLoggerListener log
信息: Command line argument: -Dcatalina.base=D:\Program Files\cas-tomcat\apache-tomcat-7
十二月 19, 2017 3:52:40 下午 org.apache.catalina.startup.VersionLoggerListener log
信息: Command line argument: -Dcatalina.home=D:\Program Files\cas-tomcat\apache-tomcat-7
十二月 19, 2017 3:52:40 下午 org.apache.catalina.startup.VersionLoggerListener log
信息: Command line argument: -Djava.io.tmpdir=D:\Program Files\cas-tomcat\apache-tomcat-7\temp
十二月 19, 2017 3:52:40 下午 org.apache.catalina.core.AprLifecycleListener lifecycleEvent
信息: The APR based Apache Tomcat Native library which allows optimal performance in production environments was not found on the java.library.path: C:\Program Files (x86)\Java\jdk1.8.0_144\bin;C:\windows\Sun\Java\bin;C:\windows\system32;C:\windows;C:\ProgramData\Oracle\Java\javapath;C:\windows\system32;C:\windows;C:\windows\System32\Wbem;C:\windows\System32\WindowsPowerShell\v1.0\;C:\Program Files (x86)\Java;C:\Program Files (x86)\Java\jdk1.8.0_144\bin\bin;F:\sdk\platform-tools;F:\sdk\tools;F:\Python;F:\Python\Scripts;C:\Program Files\Git\cmd;C:\Program Files\TortoiseSVN\bin;C:\Program Files (x86)\Java;C:\Program Files (x86)\Java\jdk1.8.0_144\bin\jre\bin;C:\Program Files (x86)\Java;C:\Program Files (x86)\Java\jdk1.8.0_144\bin\lib\dt.jar;C:\Program Files (x86)\Java;C:\Program Files (x86)\Java\jdk1.8.0_144\bin\lib\tools.jar;D:\Program Files\mysql-5.7\bin;C:\Users\Administrator\AppData\Local\Microsoft\WindowsApps;;.
十二月 19, 2017 3:52:40 下午 org.apache.coyote.AbstractProtocol init
信息: Initializing ProtocolHandler ["http-bio-8081"]
十二月 19, 2017 3:52:40 下午 org.apache.coyote.AbstractProtocol init
信息: Initializing ProtocolHandler ["ajp-bio-8009"]
十二月 19, 2017 3:52:40 下午 org.apache.catalina.startup.Catalina load
信息: Initialization processed in 382 ms
十二月 19, 2017 3:52:40 下午 org.apache.catalina.core.StandardService startInternal
信息: Starting service Catalina
十二月 19, 2017 3:52:40 下午 org.apache.catalina.core.StandardEngine startInternal
信息: Starting Servlet Engine: Apache Tomcat/7.0.82
十二月 19, 2017 3:52:40 下午 org.apache.catalina.startup.HostConfig deployDirectory
信息: Deploying web application directory D:\Program Files\cas-tomcat\apache-tomcat-7\webapps\cas
十二月 19, 2017 3:52:41 下午 org.apache.catalina.startup.TldConfig execute
信息: At least one JAR was scanned for TLDs yet contained no TLDs. Enable debug logging for this logger for a complete list of JARs that were scanned but no TLDs were found in them. Skipping unneeded JARs during scanning can improve startup time and JSP compilation time.
十二月 19, 2017 3:52:43 下午 org.apache.catalina.startup.HostConfig deployDirectory
信息: Deployment of web application directory D:\Program Files\cas-tomcat\apache-tomcat-7\webapps\cas has finished in 3,465 ms
十二月 19, 2017 3:52:43 下午 org.apache.catalina.startup.HostConfig deployDirectory
信息: Deploying web application directory D:\Program Files\cas-tomcat\apache-tomcat-7\webapps\docs
十二月 19, 2017 3:52:43 下午 org.apache.catalina.startup.HostConfig deployDirectory
信息: Deployment of web application directory D:\Program Files\cas-tomcat\apache-tomcat-7\webapps\docs has finished in 33 ms
十二月 19, 2017 3:52:43 下午 org.apache.catalina.startup.HostConfig deployDirectory
信息: Deploying web application directory D:\Program Files\cas-tomcat\apache-tomcat-7\webapps\examples
十二月 19, 2017 3:52:43 下午 org.apache.catalina.startup.HostConfig deployDirectory
信息: Deployment of web application directory D:\Program Files\cas-tomcat\apache-tomcat-7\webapps\examples has finished in 173 ms
十二月 19, 2017 3:52:43 下午 org.apache.catalina.startup.HostConfig deployDirectory
信息: Deploying web application directory D:\Program Files\cas-tomcat\apache-tomcat-7\webapps\host-manager
十二月 19, 2017 3:52:43 下午 org.apache.catalina.startup.HostConfig deployDirectory
信息: Deployment of web application directory D:\Program Files\cas-tomcat\apache-tomcat-7\webapps\host-manager has finished in 70 ms
十二月 19, 2017 3:52:43 下午 org.apache.catalina.startup.HostConfig deployDirectory
信息: Deploying web application directory D:\Program Files\cas-tomcat\apache-tomcat-7\webapps\manager
十二月 19, 2017 3:52:43 下午 org.apache.catalina.startup.HostConfig deployDirectory
信息: Deployment of web application directory D:\Program Files\cas-tomcat\apache-tomcat-7\webapps\manager has finished in 33 ms
十二月 19, 2017 3:52:43 下午 org.apache.catalina.startup.HostConfig deployDirectory
信息: Deploying web application directory D:\Program Files\cas-tomcat\apache-tomcat-7\webapps\ROOT
十二月 19, 2017 3:52:44 下午 org.apache.catalina.startup.HostConfig deployDirectory
信息: Deployment of web application directory D:\Program Files\cas-tomcat\apache-tomcat-7\webapps\ROOT has finished in 23 ms
十二月 19, 2017 3:52:44 下午 org.apache.coyote.AbstractProtocol start
信息: Starting ProtocolHandler ["http-bio-8081"]
十二月 19, 2017 3:52:44 下午 org.apache.coyote.AbstractProtocol start
信息: Starting ProtocolHandler ["ajp-bio-8009"]
十二月 19, 2017 3:52:44 下午 org.apache.catalina.startup.Catalina start
信息: Server startup in 3838 ms
十二月 19, 2017 5:47:26 下午 org.apache.catalina.startup.VersionLoggerListener log
信息: Server version:        Apache Tomcat/7.0.82
十二月 19, 2017 5:47:26 下午 org.apache.catalina.startup.VersionLoggerListener log
信息: Server built:          Sep 29 2017 12:23:15 UTC
十二月 19, 2017 5:47:26 下午 org.apache.catalina.startup.VersionLoggerListener log
信息: Server number:         7.0.82.0
十二月 19, 2017 5:47:26 下午 org.apache.catalina.startup.VersionLoggerListener log
信息: OS Name:               Windows 10
十二月 19, 2017 5:47:26 下午 org.apache.catalina.startup.VersionLoggerListener log
信息: OS Version:            10.0
十二月 19, 2017 5:47:26 下午 org.apache.catalina.startup.VersionLoggerListener log
信息: Architecture:          x86
十二月 19, 2017 5:47:26 下午 org.apache.catalina.startup.VersionLoggerListener log
信息: Java Home:             C:\Program Files (x86)\Java\jdk1.8.0_144\jre
十二月 19, 2017 5:47:26 下午 org.apache.catalina.startup.VersionLoggerListener log
信息: JVM Version:           1.8.0_144-b01
十二月 19, 2017 5:47:26 下午 org.apache.catalina.startup.VersionLoggerListener log
信息: JVM Vendor:            Oracle Corporation
十二月 19, 2017 5:47:26 下午 org.apache.catalina.startup.VersionLoggerListener log
信息: CATALINA_BASE:         D:\Program Files\cas-tomcat\apache-tomcat-7
十二月 19, 2017 5:47:26 下午 org.apache.catalina.startup.VersionLoggerListener log
信息: CATALINA_HOME:         D:\Program Files\cas-tomcat\apache-tomcat-7
十二月 19, 2017 5:47:26 下午 org.apache.catalina.startup.VersionLoggerListener log
信息: Command line argument: -Djava.util.logging.config.file=D:\Program Files\cas-tomcat\apache-tomcat-7\conf\logging.properties
十二月 19, 2017 5:47:26 下午 org.apache.catalina.startup.VersionLoggerListener log
信息: Command line argument: -Djava.util.logging.manager=org.apache.juli.ClassLoaderLogManager
十二月 19, 2017 5:47:26 下午 org.apache.catalina.startup.VersionLoggerListener log
信息: Command line argument: -Djdk.tls.ephemeralDHKeySize=2048
十二月 19, 2017 5:47:26 下午 org.apache.catalina.startup.VersionLoggerListener log
信息: Command line argument: -Djava.endorsed.dirs=D:\Program Files\cas-tomcat\apache-tomcat-7\endorsed
十二月 19, 2017 5:47:26 下午 org.apache.catalina.startup.VersionLoggerListener log
信息: Command line argument: -Dcatalina.base=D:\Program Files\cas-tomcat\apache-tomcat-7
十二月 19, 2017 5:47:26 下午 org.apache.catalina.startup.VersionLoggerListener log
信息: Command line argument: -Dcatalina.home=D:\Program Files\cas-tomcat\apache-tomcat-7
十二月 19, 2017 5:47:26 下午 org.apache.catalina.startup.VersionLoggerListener log
信息: Command line argument: -Djava.io.tmpdir=D:\Program Files\cas-tomcat\apache-tomcat-7\temp
十二月 19, 2017 5:47:26 下午 org.apache.catalina.core.AprLifecycleListener lifecycleEvent
信息: The APR based Apache Tomcat Native library which allows optimal performance in production environments was not found on the java.library.path: C:\Program Files (x86)\Java\jdk1.8.0_144\bin;C:\windows\Sun\Java\bin;C:\windows\system32;C:\windows;C:\ProgramData\Oracle\Java\javapath;C:\windows\system32;C:\windows;C:\windows\System32\Wbem;C:\windows\System32\WindowsPowerShell\v1.0\;C:\Program Files (x86)\Java;C:\Program Files (x86)\Java\jdk1.8.0_144\bin\bin;F:\sdk\platform-tools;F:\sdk\tools;F:\Python;F:\Python\Scripts;C:\Program Files\Git\cmd;C:\Program Files\TortoiseSVN\bin;C:\Program Files (x86)\Java;C:\Program Files (x86)\Java\jdk1.8.0_144\bin\jre\bin;C:\Program Files (x86)\Java;C:\Program Files (x86)\Java\jdk1.8.0_144\bin\lib\dt.jar;C:\Program Files (x86)\Java;C:\Program Files (x86)\Java\jdk1.8.0_144\bin\lib\tools.jar;D:\Program Files\mysql-5.7\bin;C:\Users\Administrator\AppData\Local\Microsoft\WindowsApps;;.
十二月 19, 2017 5:47:26 下午 org.apache.coyote.AbstractProtocol init
信息: Initializing ProtocolHandler ["http-bio-8081"]
十二月 19, 2017 5:47:26 下午 org.apache.coyote.AbstractProtocol init
信息: Initializing ProtocolHandler ["ajp-bio-8009"]
十二月 19, 2017 5:47:26 下午 org.apache.catalina.startup.Catalina load
信息: Initialization processed in 406 ms
十二月 19, 2017 5:47:26 下午 org.apache.catalina.core.StandardService startInternal
信息: Starting service Catalina
十二月 19, 2017 5:47:26 下午 org.apache.catalina.core.StandardEngine startInternal
信息: Starting Servlet Engine: Apache Tomcat/7.0.82
十二月 19, 2017 5:47:26 下午 org.apache.catalina.startup.HostConfig deployDirectory
信息: Deploying web application directory D:\Program Files\cas-tomcat\apache-tomcat-7\webapps\cas
十二月 19, 2017 5:47:27 下午 org.apache.catalina.startup.TldConfig execute
信息: At least one JAR was scanned for TLDs yet contained no TLDs. Enable debug logging for this logger for a complete list of JARs that were scanned but no TLDs were found in them. Skipping unneeded JARs during scanning can improve startup time and JSP compilation time.
十二月 19, 2017 5:47:30 下午 org.apache.catalina.startup.HostConfig deployDirectory
信息: Deployment of web application directory D:\Program Files\cas-tomcat\apache-tomcat-7\webapps\cas has finished in 3,894 ms
十二月 19, 2017 5:47:30 下午 org.apache.catalina.startup.HostConfig deployDirectory
信息: Deploying web application directory D:\Program Files\cas-tomcat\apache-tomcat-7\webapps\docs
十二月 19, 2017 5:47:30 下午 org.apache.catalina.startup.HostConfig deployDirectory
信息: Deployment of web application directory D:\Program Files\cas-tomcat\apache-tomcat-7\webapps\docs has finished in 35 ms
十二月 19, 2017 5:47:30 下午 org.apache.catalina.startup.HostConfig deployDirectory
信息: Deploying web application directory D:\Program Files\cas-tomcat\apache-tomcat-7\webapps\examples
十二月 19, 2017 5:47:30 下午 org.apache.catalina.startup.HostConfig deployDirectory
信息: Deployment of web application directory D:\Program Files\cas-tomcat\apache-tomcat-7\webapps\examples has finished in 188 ms
十二月 19, 2017 5:47:30 下午 org.apache.catalina.startup.HostConfig deployDirectory
信息: Deploying web application directory D:\Program Files\cas-tomcat\apache-tomcat-7\webapps\host-manager
十二月 19, 2017 5:47:30 下午 org.apache.catalina.startup.HostConfig deployDirectory
信息: Deployment of web application directory D:\Program Files\cas-tomcat\apache-tomcat-7\webapps\host-manager has finished in 67 ms
十二月 19, 2017 5:47:30 下午 org.apache.catalina.startup.HostConfig deployDirectory
信息: Deploying web application directory D:\Program Files\cas-tomcat\apache-tomcat-7\webapps\manager
十二月 19, 2017 5:47:30 下午 org.apache.catalina.startup.HostConfig deployDirectory
信息: Deployment of web application directory D:\Program Files\cas-tomcat\apache-tomcat-7\webapps\manager has finished in 38 ms
十二月 19, 2017 5:47:30 下午 org.apache.catalina.startup.HostConfig deployDirectory
信息: Deploying web application directory D:\Program Files\cas-tomcat\apache-tomcat-7\webapps\ROOT
十二月 19, 2017 5:47:30 下午 org.apache.catalina.startup.HostConfig deployDirectory
信息: Deployment of web application directory D:\Program Files\cas-tomcat\apache-tomcat-7\webapps\ROOT has finished in 24 ms
十二月 19, 2017 5:47:30 下午 org.apache.coyote.AbstractProtocol start
信息: Starting ProtocolHandler ["http-bio-8081"]
十二月 19, 2017 5:47:30 下午 org.apache.coyote.AbstractProtocol start
信息: Starting ProtocolHandler ["ajp-bio-8009"]
十二月 19, 2017 5:47:30 下午 org.apache.catalina.startup.Catalina start
信息: Server startup in 4293 ms
十二月 19, 2017 5:58:59 下午 org.apache.catalina.startup.VersionLoggerListener log
信息: Server version:        Apache Tomcat/7.0.82
十二月 19, 2017 5:58:59 下午 org.apache.catalina.startup.VersionLoggerListener log
信息: Server built:          Sep 29 2017 12:23:15 UTC
十二月 19, 2017 5:58:59 下午 org.apache.catalina.startup.VersionLoggerListener log
信息: Server number:         7.0.82.0
十二月 19, 2017 5:58:59 下午 org.apache.catalina.startup.VersionLoggerListener log
信息: OS Name:               Windows 10
十二月 19, 2017 5:58:59 下午 org.apache.catalina.startup.VersionLoggerListener log
信息: OS Version:            10.0
十二月 19, 2017 5:58:59 下午 org.apache.catalina.startup.VersionLoggerListener log
信息: Architecture:          x86
十二月 19, 2017 5:58:59 下午 org.apache.catalina.startup.VersionLoggerListener log
信息: Java Home:             C:\Program Files (x86)\Java\jdk1.8.0_144\jre
十二月 19, 2017 5:58:59 下午 org.apache.catalina.startup.VersionLoggerListener log
信息: JVM Version:           1.8.0_144-b01
十二月 19, 2017 5:58:59 下午 org.apache.catalina.startup.VersionLoggerListener log
信息: JVM Vendor:            Oracle Corporation
十二月 19, 2017 5:58:59 下午 org.apache.catalina.startup.VersionLoggerListener log
信息: CATALINA_BASE:         D:\Program Files\cas-tomcat\apache-tomcat-7
十二月 19, 2017 5:58:59 下午 org.apache.catalina.startup.VersionLoggerListener log
信息: CATALINA_HOME:         D:\Program Files\cas-tomcat\apache-tomcat-7
十二月 19, 2017 5:58:59 下午 org.apache.catalina.startup.VersionLoggerListener log
信息: Command line argument: -Djava.util.logging.config.file=D:\Program Files\cas-tomcat\apache-tomcat-7\conf\logging.properties
十二月 19, 2017 5:58:59 下午 org.apache.catalina.startup.VersionLoggerListener log
信息: Command line argument: -Djava.util.logging.manager=org.apache.juli.ClassLoaderLogManager
十二月 19, 2017 5:58:59 下午 org.apache.catalina.startup.VersionLoggerListener log
信息: Command line argument: -Djdk.tls.ephemeralDHKeySize=2048
十二月 19, 2017 5:58:59 下午 org.apache.catalina.startup.VersionLoggerListener log
信息: Command line argument: -Djava.endorsed.dirs=D:\Program Files\cas-tomcat\apache-tomcat-7\endorsed
十二月 19, 2017 5:58:59 下午 org.apache.catalina.startup.VersionLoggerListener log
信息: Command line argument: -Dcatalina.base=D:\Program Files\cas-tomcat\apache-tomcat-7
十二月 19, 2017 5:58:59 下午 org.apache.catalina.startup.VersionLoggerListener log
信息: Command line argument: -Dcatalina.home=D:\Program Files\cas-tomcat\apache-tomcat-7
十二月 19, 2017 5:58:59 下午 org.apache.catalina.startup.VersionLoggerListener log
信息: Command line argument: -Djava.io.tmpdir=D:\Program Files\cas-tomcat\apache-tomcat-7\temp
十二月 19, 2017 5:58:59 下午 org.apache.catalina.core.AprLifecycleListener lifecycleEvent
信息: The APR based Apache Tomcat Native library which allows optimal performance in production environments was not found on the java.library.path: C:\Program Files (x86)\Java\jdk1.8.0_144\bin;C:\windows\Sun\Java\bin;C:\windows\system32;C:\windows;C:\ProgramData\Oracle\Java\javapath;C:\windows\system32;C:\windows;C:\windows\System32\Wbem;C:\windows\System32\WindowsPowerShell\v1.0\;C:\Program Files (x86)\Java;C:\Program Files (x86)\Java\jdk1.8.0_144\bin\bin;F:\sdk\platform-tools;F:\sdk\tools;F:\Python;F:\Python\Scripts;C:\Program Files\Git\cmd;C:\Program Files\TortoiseSVN\bin;C:\Program Files (x86)\Java;C:\Program Files (x86)\Java\jdk1.8.0_144\bin\jre\bin;C:\Program Files (x86)\Java;C:\Program Files (x86)\Java\jdk1.8.0_144\bin\lib\dt.jar;C:\Program Files (x86)\Java;C:\Program Files (x86)\Java\jdk1.8.0_144\bin\lib\tools.jar;D:\Program Files\mysql-5.7\bin;C:\Users\Administrator\AppData\Local\Microsoft\WindowsApps;;.
十二月 19, 2017 5:58:59 下午 org.apache.coyote.AbstractProtocol init
信息: Initializing ProtocolHandler ["http-bio-8081"]
十二月 19, 2017 5:58:59 下午 org.apache.coyote.AbstractProtocol init
信息: Initializing ProtocolHandler ["ajp-bio-8009"]
十二月 19, 2017 5:58:59 下午 org.apache.catalina.startup.Catalina load
信息: Initialization processed in 415 ms
十二月 19, 2017 5:58:59 下午 org.apache.catalina.core.StandardService startInternal
信息: Starting service Catalina
十二月 19, 2017 5:58:59 下午 org.apache.catalina.core.StandardEngine startInternal
信息: Starting Servlet Engine: Apache Tomcat/7.0.82
十二月 19, 2017 5:58:59 下午 org.apache.catalina.startup.HostConfig deployDirectory
信息: Deploying web application directory D:\Program Files\cas-tomcat\apache-tomcat-7\webapps\cas
十二月 19, 2017 5:59:00 下午 org.apache.catalina.startup.TldConfig execute
信息: At least one JAR was scanned for TLDs yet contained no TLDs. Enable debug logging for this logger for a complete list of JARs that were scanned but no TLDs were found in them. Skipping unneeded JARs during scanning can improve startup time and JSP compilation time.
十二月 19, 2017 5:59:03 下午 org.apache.catalina.startup.HostConfig deployDirectory
信息: Deployment of web application directory D:\Program Files\cas-tomcat\apache-tomcat-7\webapps\cas has finished in 4,178 ms
十二月 19, 2017 5:59:03 下午 org.apache.catalina.startup.HostConfig deployDirectory
信息: Deploying web application directory D:\Program Files\cas-tomcat\apache-tomcat-7\webapps\docs
十二月 19, 2017 5:59:03 下午 org.apache.catalina.startup.HostConfig deployDirectory
信息: Deployment of web application directory D:\Program Files\cas-tomcat\apache-tomcat-7\webapps\docs has finished in 39 ms
十二月 19, 2017 5:59:03 下午 org.apache.catalina.startup.HostConfig deployDirectory
信息: Deploying web application directory D:\Program Files\cas-tomcat\apache-tomcat-7\webapps\examples
十二月 19, 2017 5:59:03 下午 org.apache.catalina.startup.HostConfig deployDirectory
信息: Deployment of web application directory D:\Program Files\cas-tomcat\apache-tomcat-7\webapps\examples has finished in 203 ms
十二月 19, 2017 5:59:03 下午 org.apache.catalina.startup.HostConfig deployDirectory
信息: Deploying web application directory D:\Program Files\cas-tomcat\apache-tomcat-7\webapps\host-manager
十二月 19, 2017 5:59:03 下午 org.apache.catalina.startup.HostConfig deployDirectory
信息: Deployment of web application directory D:\Program Files\cas-tomcat\apache-tomcat-7\webapps\host-manager has finished in 84 ms
十二月 19, 2017 5:59:03 下午 org.apache.catalina.startup.HostConfig deployDirectory
信息: Deploying web application directory D:\Program Files\cas-tomcat\apache-tomcat-7\webapps\manager
十二月 19, 2017 5:59:03 下午 org.apache.catalina.startup.HostConfig deployDirectory
信息: Deployment of web application directory D:\Program Files\cas-tomcat\apache-tomcat-7\webapps\manager has finished in 42 ms
十二月 19, 2017 5:59:03 下午 org.apache.catalina.startup.HostConfig deployDirectory
信息: Deploying web application directory D:\Program Files\cas-tomcat\apache-tomcat-7\webapps\ROOT
十二月 19, 2017 5:59:04 下午 org.apache.catalina.startup.HostConfig deployDirectory
信息: Deployment of web application directory D:\Program Files\cas-tomcat\apache-tomcat-7\webapps\ROOT has finished in 29 ms
十二月 19, 2017 5:59:04 下午 org.apache.coyote.AbstractProtocol start
信息: Starting ProtocolHandler ["http-bio-8081"]
十二月 19, 2017 5:59:04 下午 org.apache.coyote.AbstractProtocol start
信息: Starting ProtocolHandler ["ajp-bio-8009"]
十二月 19, 2017 5:59:04 下午 org.apache.catalina.startup.Catalina start
信息: Server startup in 4623 ms
十二月 19, 2017 5:59:13 下午 org.apache.jasper.compiler.TldLocationsCache tldScanJar
信息: At least one JAR was scanned for TLDs yet contained no TLDs. Enable debug logging for this logger for a complete list of JARs that were scanned but no TLDs were found in them. Skipping unneeded JARs during scanning can improve startup time and JSP compilation time.
