十二月 18, 2017 10:13:53 上午 org.apache.catalina.startup.VersionLoggerListener log
信息: Server version:        Apache Tomcat/7.0.82
十二月 18, 2017 10:13:53 上午 org.apache.catalina.startup.VersionLoggerListener log
信息: Server built:          Sep 29 2017 12:23:15 UTC
十二月 18, 2017 10:13:53 上午 org.apache.catalina.startup.VersionLoggerListener log
信息: Server number:         7.0.82.0
十二月 18, 2017 10:13:53 上午 org.apache.catalina.startup.VersionLoggerListener log
信息: OS Name:               Windows 10
十二月 18, 2017 10:13:53 上午 org.apache.catalina.startup.VersionLoggerListener log
信息: OS Version:            10.0
十二月 18, 2017 10:13:53 上午 org.apache.catalina.startup.VersionLoggerListener log
信息: Architecture:          x86
十二月 18, 2017 10:13:53 上午 org.apache.catalina.startup.VersionLoggerListener log
信息: Java Home:             C:\Program Files (x86)\Java\jdk1.8.0_144\jre
十二月 18, 2017 10:13:53 上午 org.apache.catalina.startup.VersionLoggerListener log
信息: JVM Version:           1.8.0_144-b01
十二月 18, 2017 10:13:53 上午 org.apache.catalina.startup.VersionLoggerListener log
信息: JVM Vendor:            Oracle Corporation
十二月 18, 2017 10:13:53 上午 org.apache.catalina.startup.VersionLoggerListener log
信息: CATALINA_BASE:         D:/Program Files/test/apache-tomcat-7
十二月 18, 2017 10:13:53 上午 org.apache.catalina.startup.VersionLoggerListener log
信息: CATALINA_HOME:         D:/Program Files/test/apache-tomcat-7
十二月 18, 2017 10:13:53 上午 org.apache.catalina.startup.VersionLoggerListener log
信息: Command line argument: -Djava.util.logging.config.file=D:/Program Files/test/apache-tomcat-7/conf/logging.properties
十二月 18, 2017 10:13:53 上午 org.apache.catalina.startup.VersionLoggerListener log
信息: Command line argument: -Djava.util.logging.manager=org.apache.juli.ClassLoaderLogManager
十二月 18, 2017 10:13:53 上午 org.apache.catalina.startup.VersionLoggerListener log
信息: Command line argument: -Djdk.tls.ephemeralDHKeySize=2048
十二月 18, 2017 10:13:53 上午 org.apache.catalina.startup.VersionLoggerListener log
信息: Command line argument: -Djava.endorsed.dirs=D:/Program Files/test/apache-tomcat-7/endorsed
十二月 18, 2017 10:13:53 上午 org.apache.catalina.startup.VersionLoggerListener log
信息: Command line argument: -Dcatalina.base=D:/Program Files/test/apache-tomcat-7
十二月 18, 2017 10:13:53 上午 org.apache.catalina.startup.VersionLoggerListener log
信息: Command line argument: -Dcatalina.home=D:/Program Files/test/apache-tomcat-7
十二月 18, 2017 10:13:53 上午 org.apache.catalina.startup.VersionLoggerListener log
信息: Command line argument: -Djava.io.tmpdir=D:/Program Files/test/apache-tomcat-7/temp
十二月 18, 2017 10:13:53 上午 org.apache.catalina.core.AprLifecycleListener lifecycleEvent
信息: The APR based Apache Tomcat Native library which allows optimal performance in production environments was not found on the java.library.path: C:\Program Files (x86)\Java\jdk1.8.0_144\bin;C:\windows\Sun\Java\bin;C:\windows\system32;C:\windows;C:\Users\Administrator\bin;C:\Program Files\Git\mingw64\bin;C:\Program Files\Git\usr\local\bin;C:\Program Files\Git\usr\bin;C:\Program Files\Git\usr\bin;C:\Program Files\Git\mingw64\bin;C:\Program Files\Git\usr\bin;C:\Users\Administrator\bin;C:\ProgramData\Oracle\Java\javapath;C:\windows\system32;C:\windows;C:\windows\System32\Wbem;C:\windows\System32\WindowsPowerShell\v1.0;C:\Program Files (x86)\Java\jdk1.8.0_144\bin;F:\sdk\platform-tools;F:\sdk\tools;F:\Python;F:\Python\Scripts;C:\Program Files\Git\cmd;C:\Program Files\TortoiseSVN\bin;C:\Program Files (x86)\Java\jdk1.8.0_144\jre\bin;C:\Program Files (x86)\Java\jdk1.8.0_144\lib\dt.jar;C:\Program Files (x86)\Java\jdk1.8.0_144\lib\tools.jar;D:\Program Files\mysql-5.7\bin;C:\Users\Administrator\AppData\Local\Microsoft\WindowsApps;C:\Program Files\Git\usr\bin\vendor_perl;C:\Program Files\Git\usr\bin\core_perl;.
十二月 18, 2017 10:13:53 上午 org.apache.coyote.AbstractProtocol init
信息: Initializing ProtocolHandler ["http-bio-8081"]
十二月 18, 2017 10:13:53 上午 org.apache.coyote.AbstractProtocol init
信息: Initializing ProtocolHandler ["ajp-bio-8009"]
十二月 18, 2017 10:13:53 上午 org.apache.catalina.startup.Catalina load
信息: Initialization processed in 416 ms
十二月 18, 2017 10:13:53 上午 org.apache.catalina.core.StandardService startInternal
信息: Starting service Catalina
十二月 18, 2017 10:13:53 上午 org.apache.catalina.core.StandardEngine startInternal
信息: Starting Servlet Engine: Apache Tomcat/7.0.82
十二月 18, 2017 10:13:53 上午 org.apache.catalina.startup.HostConfig deployDirectory
信息: Deploying web application directory D:\Program Files\test\apache-tomcat-7\webapps\cas
十二月 18, 2017 10:13:55 上午 org.apache.catalina.startup.TldConfig execute
信息: At least one JAR was scanned for TLDs yet contained no TLDs. Enable debug logging for this logger for a complete list of JARs that were scanned but no TLDs were found in them. Skipping unneeded JARs during scanning can improve startup time and JSP compilation time.
2017-12-18 10:13:57,047 INFO [org.jasig.cas.services.DefaultServicesManagerImpl] - <Loaded 1 services.>
2017-12-18 10:13:57,563 INFO [org.jasig.cas.util.AutowiringSchedulerFactoryBean] - <Starting Quartz Scheduler now>
十二月 18, 2017 10:13:57 上午 org.apache.catalina.startup.HostConfig deployDirectory
信息: Deployment of web application directory D:\Program Files\test\apache-tomcat-7\webapps\cas has finished in 4,301 ms
十二月 18, 2017 10:13:57 上午 org.apache.catalina.startup.HostConfig deployDirectory
信息: Deploying web application directory D:\Program Files\test\apache-tomcat-7\webapps\docs
十二月 18, 2017 10:13:57 上午 org.apache.catalina.startup.HostConfig deployDirectory
信息: Deployment of web application directory D:\Program Files\test\apache-tomcat-7\webapps\docs has finished in 46 ms
十二月 18, 2017 10:13:57 上午 org.apache.catalina.startup.HostConfig deployDirectory
信息: Deploying web application directory D:\Program Files\test\apache-tomcat-7\webapps\examples
十二月 18, 2017 10:13:58 上午 org.apache.catalina.startup.HostConfig deployDirectory
信息: Deployment of web application directory D:\Program Files\test\apache-tomcat-7\webapps\examples has finished in 159 ms
十二月 18, 2017 10:13:58 上午 org.apache.catalina.startup.HostConfig deployDirectory
信息: Deploying web application directory D:\Program Files\test\apache-tomcat-7\webapps\host-manager
十二月 18, 2017 10:13:58 上午 org.apache.catalina.startup.HostConfig deployDirectory
信息: Deployment of web application directory D:\Program Files\test\apache-tomcat-7\webapps\host-manager has finished in 86 ms
十二月 18, 2017 10:13:58 上午 org.apache.catalina.startup.HostConfig deployDirectory
信息: Deploying web application directory D:\Program Files\test\apache-tomcat-7\webapps\manager
十二月 18, 2017 10:13:58 上午 org.apache.catalina.startup.HostConfig deployDirectory
信息: Deployment of web application directory D:\Program Files\test\apache-tomcat-7\webapps\manager has finished in 31 ms
十二月 18, 2017 10:13:58 上午 org.apache.catalina.startup.HostConfig deployDirectory
信息: Deploying web application directory D:\Program Files\test\apache-tomcat-7\webapps\ROOT
十二月 18, 2017 10:13:58 上午 org.apache.catalina.startup.HostConfig deployDirectory
信息: Deployment of web application directory D:\Program Files\test\apache-tomcat-7\webapps\ROOT has finished in 110 ms
十二月 18, 2017 10:13:58 上午 org.apache.coyote.AbstractProtocol start
信息: Starting ProtocolHandler ["http-bio-8081"]
十二月 18, 2017 10:13:58 上午 org.apache.coyote.AbstractProtocol start
信息: Starting ProtocolHandler ["ajp-bio-8009"]
十二月 18, 2017 10:13:58 上午 org.apache.catalina.startup.Catalina start
信息: Server startup in 4770 ms
