十二月 19, 2017 3:49:03 下午 org.apache.catalina.core.ApplicationContext log
信息: No Spring WebApplicationInitializer types detected on classpath
十二月 19, 2017 3:49:03 下午 org.apache.catalina.core.ApplicationContext log
信息: Initializing Spring root WebApplicationContext
十二月 19, 2017 3:49:04 下午 org.apache.catalina.core.ApplicationContext log
严重: SafeContextLoaderListener: 
The Spring ContextLoaderListener we wrap threw on contextInitialized.
But for our having caught this error, the web application context would not have initialized.
org.springframework.beans.factory.BeanCreationException: Error creating bean with name 'centralAuthenticationService' defined in ServletContext resource [/WEB-INF/spring-configuration/applicationContext.xml]: Cannot resolve reference to bean 'authenticationManager' while setting constructor argument; nested exception is org.springframework.beans.factory.BeanCreationException: Error creating bean with name 'authenticationManager' defined in ServletContext resource [/WEB-INF/deployerConfigContext.xml]: Cannot resolve reference to bean 'dbAuthHandler' while setting constructor argument; nested exception is org.springframework.beans.factory.CannotLoadBeanClassException: Cannot find class [org.jasig.cas.adaptors.jdbc.QueryDatabaseAuthenticationHandler] for bean with name 'dbAuthHandler' defined in ServletContext resource [/WEB-INF/deployerConfigContext.xml]; nested exception is java.lang.ClassNotFoundException: org.jasig.cas.adaptors.jdbc.QueryDatabaseAuthenticationHandler
	at org.springframework.beans.factory.support.BeanDefinitionValueResolver.resolveReference(BeanDefinitionValueResolver.java:326)
	at org.springframework.beans.factory.support.BeanDefinitionValueResolver.resolveValueIfNecessary(BeanDefinitionValueResolver.java:107)
	at org.springframework.beans.factory.support.ConstructorResolver.resolveConstructorArguments(ConstructorResolver.java:623)
	at org.springframework.beans.factory.support.ConstructorResolver.autowireConstructor(ConstructorResolver.java:148)
	at org.springframework.beans.factory.support.AbstractAutowireCapableBeanFactory.autowireConstructor(AbstractAutowireCapableBeanFactory.java:1075)
	at org.springframework.beans.factory.support.AbstractAutowireCapableBeanFactory.createBeanInstance(AbstractAutowireCapableBeanFactory.java:979)
	at org.springframework.beans.factory.support.AbstractAutowireCapableBeanFactory.doCreateBean(AbstractAutowireCapableBeanFactory.java:487)
	at org.springframework.beans.factory.support.AbstractAutowireCapableBeanFactory.createBean(AbstractAutowireCapableBeanFactory.java:458)
	at org.springframework.beans.factory.support.AbstractBeanFactory$1.getObject(AbstractBeanFactory.java:296)
	at org.springframework.beans.factory.support.DefaultSingletonBeanRegistry.getSingleton(DefaultSingletonBeanRegistry.java:223)
	at org.springframework.beans.factory.support.AbstractBeanFactory.doGetBean(AbstractBeanFactory.java:293)
	at org.springframework.beans.factory.support.AbstractBeanFactory.getBean(AbstractBeanFactory.java:194)
	at org.springframework.beans.factory.support.DefaultListableBeanFactory.preInstantiateSingletons(DefaultListableBeanFactory.java:628)
	at org.springframework.context.support.AbstractApplicationContext.finishBeanFactoryInitialization(AbstractApplicationContext.java:932)
	at org.springframework.context.support.AbstractApplicationContext.refresh(AbstractApplicationContext.java:479)
	at org.springframework.web.context.ContextLoader.configureAndRefreshWebApplicationContext(ContextLoader.java:389)
	at org.springframework.web.context.ContextLoader.initWebApplicationContext(ContextLoader.java:294)
	at org.springframework.web.context.ContextLoaderListener.contextInitialized(ContextLoaderListener.java:112)
	at org.jasig.cas.web.init.SafeContextLoaderListener.contextInitialized(SafeContextLoaderListener.java:75)
	at org.apache.catalina.core.StandardContext.listenerStart(StandardContext.java:5110)
	at org.apache.catalina.core.StandardContext.startInternal(StandardContext.java:5633)
	at org.apache.catalina.util.LifecycleBase.start(LifecycleBase.java:145)
	at org.apache.catalina.core.ContainerBase.addChildInternal(ContainerBase.java:1015)
	at org.apache.catalina.core.ContainerBase.addChild(ContainerBase.java:991)
	at org.apache.catalina.core.StandardHost.addChild(StandardHost.java:652)
	at org.apache.catalina.startup.HostConfig.deployDirectory(HostConfig.java:1296)
	at org.apache.catalina.startup.HostConfig$DeployDirectory.run(HostConfig.java:2038)
	at java.util.concurrent.Executors$RunnableAdapter.call(Executors.java:511)
	at java.util.concurrent.FutureTask.run(FutureTask.java:266)
	at java.util.concurrent.ThreadPoolExecutor.runWorker(ThreadPoolExecutor.java:1149)
	at java.util.concurrent.ThreadPoolExecutor$Worker.run(ThreadPoolExecutor.java:624)
	at java.lang.Thread.run(Thread.java:748)
Caused by: org.springframework.beans.factory.BeanCreationException: Error creating bean with name 'authenticationManager' defined in ServletContext resource [/WEB-INF/deployerConfigContext.xml]: Cannot resolve reference to bean 'dbAuthHandler' while setting constructor argument; nested exception is org.springframework.beans.factory.CannotLoadBeanClassException: Cannot find class [org.jasig.cas.adaptors.jdbc.QueryDatabaseAuthenticationHandler] for bean with name 'dbAuthHandler' defined in ServletContext resource [/WEB-INF/deployerConfigContext.xml]; nested exception is java.lang.ClassNotFoundException: org.jasig.cas.adaptors.jdbc.QueryDatabaseAuthenticationHandler
	at org.springframework.beans.factory.support.BeanDefinitionValueResolver.resolveReference(BeanDefinitionValueResolver.java:326)
	at org.springframework.beans.factory.support.BeanDefinitionValueResolver.resolveValueIfNecessary(BeanDefinitionValueResolver.java:107)
	at org.springframework.beans.factory.support.BeanDefinitionValueResolver.resolveManagedMap(BeanDefinitionValueResolver.java:375)
	at org.springframework.beans.factory.support.BeanDefinitionValueResolver.resolveValueIfNecessary(BeanDefinitionValueResolver.java:162)
	at org.springframework.beans.factory.support.ConstructorResolver.resolveConstructorArguments(ConstructorResolver.java:637)
	at org.springframework.beans.factory.support.ConstructorResolver.autowireConstructor(ConstructorResolver.java:148)
	at org.springframework.beans.factory.support.AbstractAutowireCapableBeanFactory.autowireConstructor(AbstractAutowireCapableBeanFactory.java:1075)
	at org.springframework.beans.factory.support.AbstractAutowireCapableBeanFactory.createBeanInstance(AbstractAutowireCapableBeanFactory.java:979)
	at org.springframework.beans.factory.support.AbstractAutowireCapableBeanFactory.doCreateBean(AbstractAutowireCapableBeanFactory.java:487)
	at org.springframework.beans.factory.support.AbstractAutowireCapableBeanFactory.createBean(AbstractAutowireCapableBeanFactory.java:458)
	at org.springframework.beans.factory.support.AbstractBeanFactory$1.getObject(AbstractBeanFactory.java:296)
	at org.springframework.beans.factory.support.DefaultSingletonBeanRegistry.getSingleton(DefaultSingletonBeanRegistry.java:223)
	at org.springframework.beans.factory.support.AbstractBeanFactory.doGetBean(AbstractBeanFactory.java:293)
	at org.springframework.beans.factory.support.AbstractBeanFactory.getBean(AbstractBeanFactory.java:194)
	at org.springframework.beans.factory.support.BeanDefinitionValueResolver.resolveReference(BeanDefinitionValueResolver.java:320)
	... 31 more
Caused by: org.springframework.beans.factory.CannotLoadBeanClassException: Cannot find class [org.jasig.cas.adaptors.jdbc.QueryDatabaseAuthenticationHandler] for bean with name 'dbAuthHandler' defined in ServletContext resource [/WEB-INF/deployerConfigContext.xml]; nested exception is java.lang.ClassNotFoundException: org.jasig.cas.adaptors.jdbc.QueryDatabaseAuthenticationHandler
	at org.springframework.beans.factory.support.AbstractBeanFactory.resolveBeanClass(AbstractBeanFactory.java:1281)
	at org.springframework.beans.factory.support.AbstractAutowireCapableBeanFactory.createBean(AbstractAutowireCapableBeanFactory.java:435)
	at org.springframework.beans.factory.support.AbstractBeanFactory$1.getObject(AbstractBeanFactory.java:296)
	at org.springframework.beans.factory.support.DefaultSingletonBeanRegistry.getSingleton(DefaultSingletonBeanRegistry.java:223)
	at org.springframework.beans.factory.support.AbstractBeanFactory.doGetBean(AbstractBeanFactory.java:293)
	at org.springframework.beans.factory.support.AbstractBeanFactory.getBean(AbstractBeanFactory.java:194)
	at org.springframework.beans.factory.support.BeanDefinitionValueResolver.resolveReference(BeanDefinitionValueResolver.java:320)
	... 45 more
Caused by: java.lang.ClassNotFoundException: org.jasig.cas.adaptors.jdbc.QueryDatabaseAuthenticationHandler
	at org.apache.catalina.loader.WebappClassLoaderBase.loadClass(WebappClassLoaderBase.java:1892)
	at org.apache.catalina.loader.WebappClassLoaderBase.loadClass(WebappClassLoaderBase.java:1735)
	at org.springframework.util.ClassUtils.forName(ClassUtils.java:257)
	at org.springframework.beans.factory.support.AbstractBeanDefinition.resolveBeanClass(AbstractBeanDefinition.java:416)
	at org.springframework.beans.factory.support.AbstractBeanFactory.doResolveBeanClass(AbstractBeanFactory.java:1302)
	at org.springframework.beans.factory.support.AbstractBeanFactory.resolveBeanClass(AbstractBeanFactory.java:1273)
	... 51 more

十二月 19, 2017 3:49:04 下午 org.apache.catalina.core.StandardContext filterStart
严重: Exception starting filter characterEncodingFilter
org.springframework.beans.factory.BeanCreationException: Error creating bean with name 'centralAuthenticationService' defined in ServletContext resource [/WEB-INF/spring-configuration/applicationContext.xml]: Cannot resolve reference to bean 'authenticationManager' while setting constructor argument; nested exception is org.springframework.beans.factory.BeanCreationException: Error creating bean with name 'authenticationManager' defined in ServletContext resource [/WEB-INF/deployerConfigContext.xml]: Cannot resolve reference to bean 'dbAuthHandler' while setting constructor argument; nested exception is org.springframework.beans.factory.CannotLoadBeanClassException: Cannot find class [org.jasig.cas.adaptors.jdbc.QueryDatabaseAuthenticationHandler] for bean with name 'dbAuthHandler' defined in ServletContext resource [/WEB-INF/deployerConfigContext.xml]; nested exception is java.lang.ClassNotFoundException: org.jasig.cas.adaptors.jdbc.QueryDatabaseAuthenticationHandler
	at org.springframework.beans.factory.support.BeanDefinitionValueResolver.resolveReference(BeanDefinitionValueResolver.java:326)
	at org.springframework.beans.factory.support.BeanDefinitionValueResolver.resolveValueIfNecessary(BeanDefinitionValueResolver.java:107)
	at org.springframework.beans.factory.support.ConstructorResolver.resolveConstructorArguments(ConstructorResolver.java:623)
	at org.springframework.beans.factory.support.ConstructorResolver.autowireConstructor(ConstructorResolver.java:148)
	at org.springframework.beans.factory.support.AbstractAutowireCapableBeanFactory.autowireConstructor(AbstractAutowireCapableBeanFactory.java:1075)
	at org.springframework.beans.factory.support.AbstractAutowireCapableBeanFactory.createBeanInstance(AbstractAutowireCapableBeanFactory.java:979)
	at org.springframework.beans.factory.support.AbstractAutowireCapableBeanFactory.doCreateBean(AbstractAutowireCapableBeanFactory.java:487)
	at org.springframework.beans.factory.support.AbstractAutowireCapableBeanFactory.createBean(AbstractAutowireCapableBeanFactory.java:458)
	at org.springframework.beans.factory.support.AbstractBeanFactory$1.getObject(AbstractBeanFactory.java:296)
	at org.springframework.beans.factory.support.DefaultSingletonBeanRegistry.getSingleton(DefaultSingletonBeanRegistry.java:223)
	at org.springframework.beans.factory.support.AbstractBeanFactory.doGetBean(AbstractBeanFactory.java:293)
	at org.springframework.beans.factory.support.AbstractBeanFactory.getBean(AbstractBeanFactory.java:194)
	at org.springframework.beans.factory.support.DefaultListableBeanFactory.preInstantiateSingletons(DefaultListableBeanFactory.java:628)
	at org.springframework.context.support.AbstractApplicationContext.finishBeanFactoryInitialization(AbstractApplicationContext.java:932)
	at org.springframework.context.support.AbstractApplicationContext.refresh(AbstractApplicationContext.java:479)
	at org.springframework.web.context.ContextLoader.configureAndRefreshWebApplicationContext(ContextLoader.java:389)
	at org.springframework.web.context.ContextLoader.initWebApplicationContext(ContextLoader.java:294)
	at org.springframework.web.context.ContextLoaderListener.contextInitialized(ContextLoaderListener.java:112)
	at org.jasig.cas.web.init.SafeContextLoaderListener.contextInitialized(SafeContextLoaderListener.java:75)
	at org.apache.catalina.core.StandardContext.listenerStart(StandardContext.java:5110)
	at org.apache.catalina.core.StandardContext.startInternal(StandardContext.java:5633)
	at org.apache.catalina.util.LifecycleBase.start(LifecycleBase.java:145)
	at org.apache.catalina.core.ContainerBase.addChildInternal(ContainerBase.java:1015)
	at org.apache.catalina.core.ContainerBase.addChild(ContainerBase.java:991)
	at org.apache.catalina.core.StandardHost.addChild(StandardHost.java:652)
	at org.apache.catalina.startup.HostConfig.deployDirectory(HostConfig.java:1296)
	at org.apache.catalina.startup.HostConfig$DeployDirectory.run(HostConfig.java:2038)
	at java.util.concurrent.Executors$RunnableAdapter.call(Executors.java:511)
	at java.util.concurrent.FutureTask.run(FutureTask.java:266)
	at java.util.concurrent.ThreadPoolExecutor.runWorker(ThreadPoolExecutor.java:1149)
	at java.util.concurrent.ThreadPoolExecutor$Worker.run(ThreadPoolExecutor.java:624)
	at java.lang.Thread.run(Thread.java:748)
Caused by: org.springframework.beans.factory.BeanCreationException: Error creating bean with name 'authenticationManager' defined in ServletContext resource [/WEB-INF/deployerConfigContext.xml]: Cannot resolve reference to bean 'dbAuthHandler' while setting constructor argument; nested exception is org.springframework.beans.factory.CannotLoadBeanClassException: Cannot find class [org.jasig.cas.adaptors.jdbc.QueryDatabaseAuthenticationHandler] for bean with name 'dbAuthHandler' defined in ServletContext resource [/WEB-INF/deployerConfigContext.xml]; nested exception is java.lang.ClassNotFoundException: org.jasig.cas.adaptors.jdbc.QueryDatabaseAuthenticationHandler
	at org.springframework.beans.factory.support.BeanDefinitionValueResolver.resolveReference(BeanDefinitionValueResolver.java:326)
	at org.springframework.beans.factory.support.BeanDefinitionValueResolver.resolveValueIfNecessary(BeanDefinitionValueResolver.java:107)
	at org.springframework.beans.factory.support.BeanDefinitionValueResolver.resolveManagedMap(BeanDefinitionValueResolver.java:375)
	at org.springframework.beans.factory.support.BeanDefinitionValueResolver.resolveValueIfNecessary(BeanDefinitionValueResolver.java:162)
	at org.springframework.beans.factory.support.ConstructorResolver.resolveConstructorArguments(ConstructorResolver.java:637)
	at org.springframework.beans.factory.support.ConstructorResolver.autowireConstructor(ConstructorResolver.java:148)
	at org.springframework.beans.factory.support.AbstractAutowireCapableBeanFactory.autowireConstructor(AbstractAutowireCapableBeanFactory.java:1075)
	at org.springframework.beans.factory.support.AbstractAutowireCapableBeanFactory.createBeanInstance(AbstractAutowireCapableBeanFactory.java:979)
	at org.springframework.beans.factory.support.AbstractAutowireCapableBeanFactory.doCreateBean(AbstractAutowireCapableBeanFactory.java:487)
	at org.springframework.beans.factory.support.AbstractAutowireCapableBeanFactory.createBean(AbstractAutowireCapableBeanFactory.java:458)
	at org.springframework.beans.factory.support.AbstractBeanFactory$1.getObject(AbstractBeanFactory.java:296)
	at org.springframework.beans.factory.support.DefaultSingletonBeanRegistry.getSingleton(DefaultSingletonBeanRegistry.java:223)
	at org.springframework.beans.factory.support.AbstractBeanFactory.doGetBean(AbstractBeanFactory.java:293)
	at org.springframework.beans.factory.support.AbstractBeanFactory.getBean(AbstractBeanFactory.java:194)
	at org.springframework.beans.factory.support.BeanDefinitionValueResolver.resolveReference(BeanDefinitionValueResolver.java:320)
	... 31 more
Caused by: org.springframework.beans.factory.CannotLoadBeanClassException: Cannot find class [org.jasig.cas.adaptors.jdbc.QueryDatabaseAuthenticationHandler] for bean with name 'dbAuthHandler' defined in ServletContext resource [/WEB-INF/deployerConfigContext.xml]; nested exception is java.lang.ClassNotFoundException: org.jasig.cas.adaptors.jdbc.QueryDatabaseAuthenticationHandler
	at org.springframework.beans.factory.support.AbstractBeanFactory.resolveBeanClass(AbstractBeanFactory.java:1281)
	at org.springframework.beans.factory.support.AbstractAutowireCapableBeanFactory.createBean(AbstractAutowireCapableBeanFactory.java:435)
	at org.springframework.beans.factory.support.AbstractBeanFactory$1.getObject(AbstractBeanFactory.java:296)
	at org.springframework.beans.factory.support.DefaultSingletonBeanRegistry.getSingleton(DefaultSingletonBeanRegistry.java:223)
	at org.springframework.beans.factory.support.AbstractBeanFactory.doGetBean(AbstractBeanFactory.java:293)
	at org.springframework.beans.factory.support.AbstractBeanFactory.getBean(AbstractBeanFactory.java:194)
	at org.springframework.beans.factory.support.BeanDefinitionValueResolver.resolveReference(BeanDefinitionValueResolver.java:320)
	... 45 more
Caused by: java.lang.ClassNotFoundException: org.jasig.cas.adaptors.jdbc.QueryDatabaseAuthenticationHandler
	at org.apache.catalina.loader.WebappClassLoaderBase.loadClass(WebappClassLoaderBase.java:1892)
	at org.apache.catalina.loader.WebappClassLoaderBase.loadClass(WebappClassLoaderBase.java:1735)
	at org.springframework.util.ClassUtils.forName(ClassUtils.java:257)
	at org.springframework.beans.factory.support.AbstractBeanDefinition.resolveBeanClass(AbstractBeanDefinition.java:416)
	at org.springframework.beans.factory.support.AbstractBeanFactory.doResolveBeanClass(AbstractBeanFactory.java:1302)
	at org.springframework.beans.factory.support.AbstractBeanFactory.resolveBeanClass(AbstractBeanFactory.java:1273)
	... 51 more

十二月 19, 2017 3:49:04 下午 org.apache.catalina.core.StandardContext filterStart
严重: Exception starting filter springSecurityFilterChain
org.springframework.beans.factory.BeanCreationException: Error creating bean with name 'centralAuthenticationService' defined in ServletContext resource [/WEB-INF/spring-configuration/applicationContext.xml]: Cannot resolve reference to bean 'authenticationManager' while setting constructor argument; nested exception is org.springframework.beans.factory.BeanCreationException: Error creating bean with name 'authenticationManager' defined in ServletContext resource [/WEB-INF/deployerConfigContext.xml]: Cannot resolve reference to bean 'dbAuthHandler' while setting constructor argument; nested exception is org.springframework.beans.factory.CannotLoadBeanClassException: Cannot find class [org.jasig.cas.adaptors.jdbc.QueryDatabaseAuthenticationHandler] for bean with name 'dbAuthHandler' defined in ServletContext resource [/WEB-INF/deployerConfigContext.xml]; nested exception is java.lang.ClassNotFoundException: org.jasig.cas.adaptors.jdbc.QueryDatabaseAuthenticationHandler
	at org.springframework.beans.factory.support.BeanDefinitionValueResolver.resolveReference(BeanDefinitionValueResolver.java:326)
	at org.springframework.beans.factory.support.BeanDefinitionValueResolver.resolveValueIfNecessary(BeanDefinitionValueResolver.java:107)
	at org.springframework.beans.factory.support.ConstructorResolver.resolveConstructorArguments(ConstructorResolver.java:623)
	at org.springframework.beans.factory.support.ConstructorResolver.autowireConstructor(ConstructorResolver.java:148)
	at org.springframework.beans.factory.support.AbstractAutowireCapableBeanFactory.autowireConstructor(AbstractAutowireCapableBeanFactory.java:1075)
	at org.springframework.beans.factory.support.AbstractAutowireCapableBeanFactory.createBeanInstance(AbstractAutowireCapableBeanFactory.java:979)
	at org.springframework.beans.factory.support.AbstractAutowireCapableBeanFactory.doCreateBean(AbstractAutowireCapableBeanFactory.java:487)
	at org.springframework.beans.factory.support.AbstractAutowireCapableBeanFactory.createBean(AbstractAutowireCapableBeanFactory.java:458)
	at org.springframework.beans.factory.support.AbstractBeanFactory$1.getObject(AbstractBeanFactory.java:296)
	at org.springframework.beans.factory.support.DefaultSingletonBeanRegistry.getSingleton(DefaultSingletonBeanRegistry.java:223)
	at org.springframework.beans.factory.support.AbstractBeanFactory.doGetBean(AbstractBeanFactory.java:293)
	at org.springframework.beans.factory.support.AbstractBeanFactory.getBean(AbstractBeanFactory.java:194)
	at org.springframework.beans.factory.support.DefaultListableBeanFactory.preInstantiateSingletons(DefaultListableBeanFactory.java:628)
	at org.springframework.context.support.AbstractApplicationContext.finishBeanFactoryInitialization(AbstractApplicationContext.java:932)
	at org.springframework.context.support.AbstractApplicationContext.refresh(AbstractApplicationContext.java:479)
	at org.springframework.web.context.ContextLoader.configureAndRefreshWebApplicationContext(ContextLoader.java:389)
	at org.springframework.web.context.ContextLoader.initWebApplicationContext(ContextLoader.java:294)
	at org.springframework.web.context.ContextLoaderListener.contextInitialized(ContextLoaderListener.java:112)
	at org.jasig.cas.web.init.SafeContextLoaderListener.contextInitialized(SafeContextLoaderListener.java:75)
	at org.apache.catalina.core.StandardContext.listenerStart(StandardContext.java:5110)
	at org.apache.catalina.core.StandardContext.startInternal(StandardContext.java:5633)
	at org.apache.catalina.util.LifecycleBase.start(LifecycleBase.java:145)
	at org.apache.catalina.core.ContainerBase.addChildInternal(ContainerBase.java:1015)
	at org.apache.catalina.core.ContainerBase.addChild(ContainerBase.java:991)
	at org.apache.catalina.core.StandardHost.addChild(StandardHost.java:652)
	at org.apache.catalina.startup.HostConfig.deployDirectory(HostConfig.java:1296)
	at org.apache.catalina.startup.HostConfig$DeployDirectory.run(HostConfig.java:2038)
	at java.util.concurrent.Executors$RunnableAdapter.call(Executors.java:511)
	at java.util.concurrent.FutureTask.run(FutureTask.java:266)
	at java.util.concurrent.ThreadPoolExecutor.runWorker(ThreadPoolExecutor.java:1149)
	at java.util.concurrent.ThreadPoolExecutor$Worker.run(ThreadPoolExecutor.java:624)
	at java.lang.Thread.run(Thread.java:748)
Caused by: org.springframework.beans.factory.BeanCreationException: Error creating bean with name 'authenticationManager' defined in ServletContext resource [/WEB-INF/deployerConfigContext.xml]: Cannot resolve reference to bean 'dbAuthHandler' while setting constructor argument; nested exception is org.springframework.beans.factory.CannotLoadBeanClassException: Cannot find class [org.jasig.cas.adaptors.jdbc.QueryDatabaseAuthenticationHandler] for bean with name 'dbAuthHandler' defined in ServletContext resource [/WEB-INF/deployerConfigContext.xml]; nested exception is java.lang.ClassNotFoundException: org.jasig.cas.adaptors.jdbc.QueryDatabaseAuthenticationHandler
	at org.springframework.beans.factory.support.BeanDefinitionValueResolver.resolveReference(BeanDefinitionValueResolver.java:326)
	at org.springframework.beans.factory.support.BeanDefinitionValueResolver.resolveValueIfNecessary(BeanDefinitionValueResolver.java:107)
	at org.springframework.beans.factory.support.BeanDefinitionValueResolver.resolveManagedMap(BeanDefinitionValueResolver.java:375)
	at org.springframework.beans.factory.support.BeanDefinitionValueResolver.resolveValueIfNecessary(BeanDefinitionValueResolver.java:162)
	at org.springframework.beans.factory.support.ConstructorResolver.resolveConstructorArguments(ConstructorResolver.java:637)
	at org.springframework.beans.factory.support.ConstructorResolver.autowireConstructor(ConstructorResolver.java:148)
	at org.springframework.beans.factory.support.AbstractAutowireCapableBeanFactory.autowireConstructor(AbstractAutowireCapableBeanFactory.java:1075)
	at org.springframework.beans.factory.support.AbstractAutowireCapableBeanFactory.createBeanInstance(AbstractAutowireCapableBeanFactory.java:979)
	at org.springframework.beans.factory.support.AbstractAutowireCapableBeanFactory.doCreateBean(AbstractAutowireCapableBeanFactory.java:487)
	at org.springframework.beans.factory.support.AbstractAutowireCapableBeanFactory.createBean(AbstractAutowireCapableBeanFactory.java:458)
	at org.springframework.beans.factory.support.AbstractBeanFactory$1.getObject(AbstractBeanFactory.java:296)
	at org.springframework.beans.factory.support.DefaultSingletonBeanRegistry.getSingleton(DefaultSingletonBeanRegistry.java:223)
	at org.springframework.beans.factory.support.AbstractBeanFactory.doGetBean(AbstractBeanFactory.java:293)
	at org.springframework.beans.factory.support.AbstractBeanFactory.getBean(AbstractBeanFactory.java:194)
	at org.springframework.beans.factory.support.BeanDefinitionValueResolver.resolveReference(BeanDefinitionValueResolver.java:320)
	... 31 more
Caused by: org.springframework.beans.factory.CannotLoadBeanClassException: Cannot find class [org.jasig.cas.adaptors.jdbc.QueryDatabaseAuthenticationHandler] for bean with name 'dbAuthHandler' defined in ServletContext resource [/WEB-INF/deployerConfigContext.xml]; nested exception is java.lang.ClassNotFoundException: org.jasig.cas.adaptors.jdbc.QueryDatabaseAuthenticationHandler
	at org.springframework.beans.factory.support.AbstractBeanFactory.resolveBeanClass(AbstractBeanFactory.java:1281)
	at org.springframework.beans.factory.support.AbstractAutowireCapableBeanFactory.createBean(AbstractAutowireCapableBeanFactory.java:435)
	at org.springframework.beans.factory.support.AbstractBeanFactory$1.getObject(AbstractBeanFactory.java:296)
	at org.springframework.beans.factory.support.DefaultSingletonBeanRegistry.getSingleton(DefaultSingletonBeanRegistry.java:223)
	at org.springframework.beans.factory.support.AbstractBeanFactory.doGetBean(AbstractBeanFactory.java:293)
	at org.springframework.beans.factory.support.AbstractBeanFactory.getBean(AbstractBeanFactory.java:194)
	at org.springframework.beans.factory.support.BeanDefinitionValueResolver.resolveReference(BeanDefinitionValueResolver.java:320)
	... 45 more
Caused by: java.lang.ClassNotFoundException: org.jasig.cas.adaptors.jdbc.QueryDatabaseAuthenticationHandler
	at org.apache.catalina.loader.WebappClassLoaderBase.loadClass(WebappClassLoaderBase.java:1892)
	at org.apache.catalina.loader.WebappClassLoaderBase.loadClass(WebappClassLoaderBase.java:1735)
	at org.springframework.util.ClassUtils.forName(ClassUtils.java:257)
	at org.springframework.beans.factory.support.AbstractBeanDefinition.resolveBeanClass(AbstractBeanDefinition.java:416)
	at org.springframework.beans.factory.support.AbstractBeanFactory.doResolveBeanClass(AbstractBeanFactory.java:1302)
	at org.springframework.beans.factory.support.AbstractBeanFactory.resolveBeanClass(AbstractBeanFactory.java:1273)
	... 51 more

十二月 19, 2017 3:49:04 下午 org.apache.catalina.core.ApplicationContext log
信息: Closing Spring root WebApplicationContext
十二月 19, 2017 3:49:05 下午 org.apache.catalina.core.ApplicationContext log
信息: ContextListener: contextInitialized()
十二月 19, 2017 3:49:05 下午 org.apache.catalina.core.ApplicationContext log
信息: SessionListener: contextInitialized()
十二月 19, 2017 3:49:05 下午 org.apache.catalina.core.ApplicationContext log
信息: ContextListener: attributeAdded('org.apache.jasper.compiler.TldLocationsCache', 'org.apache.jasper.compiler.TldLocationsCache@175b2ea')
十二月 19, 2017 3:52:41 下午 org.apache.catalina.core.ApplicationContext log
信息: No Spring WebApplicationInitializer types detected on classpath
十二月 19, 2017 3:52:41 下午 org.apache.catalina.core.ApplicationContext log
信息: Initializing Spring root WebApplicationContext
十二月 19, 2017 3:52:43 下午 org.apache.catalina.core.ApplicationContext log
信息: Initializing Spring FrameworkServlet 'cas'
十二月 19, 2017 3:52:43 下午 org.apache.catalina.core.ApplicationContext log
信息: ContextListener: contextInitialized()
十二月 19, 2017 3:52:43 下午 org.apache.catalina.core.ApplicationContext log
信息: SessionListener: contextInitialized()
十二月 19, 2017 3:52:43 下午 org.apache.catalina.core.ApplicationContext log
信息: ContextListener: attributeAdded('org.apache.jasper.compiler.TldLocationsCache', 'org.apache.jasper.compiler.TldLocationsCache@a906db')
十二月 19, 2017 5:47:27 下午 org.apache.catalina.core.ApplicationContext log
信息: No Spring WebApplicationInitializer types detected on classpath
十二月 19, 2017 5:47:27 下午 org.apache.catalina.core.ApplicationContext log
信息: Initializing Spring root WebApplicationContext
十二月 19, 2017 5:47:30 下午 org.apache.catalina.core.ApplicationContext log
信息: Initializing Spring FrameworkServlet 'cas'
十二月 19, 2017 5:47:30 下午 org.apache.catalina.core.ApplicationContext log
信息: ContextListener: contextInitialized()
十二月 19, 2017 5:47:30 下午 org.apache.catalina.core.ApplicationContext log
信息: SessionListener: contextInitialized()
十二月 19, 2017 5:47:30 下午 org.apache.catalina.core.ApplicationContext log
信息: ContextListener: attributeAdded('org.apache.jasper.compiler.TldLocationsCache', 'org.apache.jasper.compiler.TldLocationsCache@f88dd1')
十二月 19, 2017 5:48:02 下午 org.apache.catalina.core.ApplicationDispatcher invoke
严重: Servlet.service() for servlet jsp threw exception
org.apache.jasper.JasperException: /WEB-INF/view/jsp/default/ui/casLoginView.jsp (line: 47, column: 126) Unterminated &lt;%= tag
	at org.apache.jasper.compiler.DefaultErrorHandler.jspError(DefaultErrorHandler.java:42)
	at org.apache.jasper.compiler.ErrorDispatcher.dispatch(ErrorDispatcher.java:443)
	at org.apache.jasper.compiler.ErrorDispatcher.jspError(ErrorDispatcher.java:133)
	at org.apache.jasper.compiler.Parser.parseExpression(Parser.java:695)
	at org.apache.jasper.compiler.Parser.parseElements(Parser.java:1429)
	at org.apache.jasper.compiler.Parser.parse(Parser.java:138)
	at org.apache.jasper.compiler.ParserController.doParse(ParserController.java:242)
	at org.apache.jasper.compiler.ParserController.parse(ParserController.java:102)
	at org.apache.jasper.compiler.Compiler.generateJava(Compiler.java:199)
	at org.apache.jasper.compiler.Compiler.compile(Compiler.java:374)
	at org.apache.jasper.compiler.Compiler.compile(Compiler.java:354)
	at org.apache.jasper.compiler.Compiler.compile(Compiler.java:341)
	at org.apache.jasper.JspCompilationContext.compile(JspCompilationContext.java:660)
	at org.apache.jasper.servlet.JspServletWrapper.service(JspServletWrapper.java:364)
	at org.apache.jasper.servlet.JspServlet.serviceJspFile(JspServlet.java:395)
	at org.apache.jasper.servlet.JspServlet.service(JspServlet.java:339)
	at javax.servlet.http.HttpServlet.service(HttpServlet.java:731)
	at org.apache.catalina.core.ApplicationFilterChain.internalDoFilter(ApplicationFilterChain.java:303)
	at org.apache.catalina.core.ApplicationFilterChain.doFilter(ApplicationFilterChain.java:208)
	at org.apache.tomcat.websocket.server.WsFilter.doFilter(WsFilter.java:52)
	at org.apache.catalina.core.ApplicationFilterChain.internalDoFilter(ApplicationFilterChain.java:241)
	at org.apache.catalina.core.ApplicationFilterChain.doFilter(ApplicationFilterChain.java:208)
	at org.apache.catalina.core.ApplicationDispatcher.invoke(ApplicationDispatcher.java:743)
	at org.apache.catalina.core.ApplicationDispatcher.processRequest(ApplicationDispatcher.java:485)
	at org.apache.catalina.core.ApplicationDispatcher.doForward(ApplicationDispatcher.java:410)
	at org.apache.catalina.core.ApplicationDispatcher.forward(ApplicationDispatcher.java:337)
	at org.springframework.web.servlet.view.InternalResourceView.renderMergedOutputModel(InternalResourceView.java:238)
	at org.springframework.web.servlet.view.AbstractView.render(AbstractView.java:263)
	at org.springframework.webflow.mvc.servlet.ServletMvcView.doRender(ServletMvcView.java:55)
	at org.springframework.webflow.mvc.view.AbstractMvcView.render(AbstractMvcView.java:187)
	at org.springframework.webflow.engine.ViewState.render(ViewState.java:296)
	at org.springframework.webflow.engine.ViewState.doEnter(ViewState.java:186)
	at org.springframework.webflow.engine.State.enter(State.java:194)
	at org.springframework.webflow.engine.Transition.execute(Transition.java:227)
	at org.springframework.webflow.engine.impl.FlowExecutionImpl.execute(FlowExecutionImpl.java:393)
	at org.springframework.webflow.engine.impl.RequestControlContextImpl.execute(RequestControlContextImpl.java:214)
	at org.springframework.webflow.engine.TransitionableState.handleEvent(TransitionableState.java:119)
	at org.springframework.webflow.engine.Flow.handleEvent(Flow.java:555)
	at org.springframework.webflow.engine.impl.FlowExecutionImpl.handleEvent(FlowExecutionImpl.java:388)
	at org.springframework.webflow.engine.impl.RequestControlContextImpl.handleEvent(RequestControlContextImpl.java:210)
	at org.springframework.webflow.engine.ActionState.doEnter(ActionState.java:105)
	at org.springframework.webflow.engine.State.enter(State.java:194)
	at org.springframework.webflow.engine.Transition.execute(Transition.java:227)
	at org.springframework.webflow.engine.impl.FlowExecutionImpl.execute(FlowExecutionImpl.java:393)
	at org.springframework.webflow.engine.impl.RequestControlContextImpl.execute(RequestControlContextImpl.java:214)
	at org.springframework.webflow.engine.TransitionableState.handleEvent(TransitionableState.java:119)
	at org.springframework.webflow.engine.Flow.handleEvent(Flow.java:555)
	at org.springframework.webflow.engine.impl.FlowExecutionImpl.handleEvent(FlowExecutionImpl.java:388)
	at org.springframework.webflow.engine.impl.RequestControlContextImpl.handleEvent(RequestControlContextImpl.java:210)
	at org.springframework.webflow.engine.ActionState.doEnter(ActionState.java:105)
	at org.springframework.webflow.engine.State.enter(State.java:194)
	at org.springframework.webflow.engine.Transition.execute(Transition.java:227)
	at org.springframework.webflow.engine.DecisionState.doEnter(DecisionState.java:51)
	at org.springframework.webflow.engine.State.enter(State.java:194)
	at org.springframework.webflow.engine.Transition.execute(Transition.java:227)
	at org.springframework.webflow.engine.impl.FlowExecutionImpl.execute(FlowExecutionImpl.java:393)
	at org.springframework.webflow.engine.impl.RequestControlContextImpl.execute(RequestControlContextImpl.java:214)
	at org.springframework.webflow.engine.TransitionableState.handleEvent(TransitionableState.java:119)
	at org.springframework.webflow.engine.Flow.handleEvent(Flow.java:555)
	at org.springframework.webflow.engine.impl.FlowExecutionImpl.handleEvent(FlowExecutionImpl.java:388)
	at org.springframework.webflow.engine.impl.RequestControlContextImpl.handleEvent(RequestControlContextImpl.java:210)
	at org.springframework.webflow.engine.ActionState.doEnter(ActionState.java:105)
	at org.springframework.webflow.engine.State.enter(State.java:194)
	at org.springframework.webflow.engine.Flow.start(Flow.java:535)
	at org.springframework.webflow.engine.impl.FlowExecutionImpl.start(FlowExecutionImpl.java:366)
	at org.springframework.webflow.engine.impl.FlowExecutionImpl.start(FlowExecutionImpl.java:222)
	at org.springframework.webflow.executor.FlowExecutorImpl.launchExecution(FlowExecutorImpl.java:140)
	at org.springframework.webflow.mvc.servlet.FlowHandlerAdapter.handle(FlowHandlerAdapter.java:193)
	at org.springframework.web.servlet.DispatcherServlet.doDispatch(DispatcherServlet.java:925)
	at org.springframework.web.servlet.DispatcherServlet.doService(DispatcherServlet.java:856)
	at org.springframework.web.servlet.FrameworkServlet.processRequest(FrameworkServlet.java:936)
	at org.springframework.web.servlet.FrameworkServlet.doGet(FrameworkServlet.java:827)
	at javax.servlet.http.HttpServlet.service(HttpServlet.java:624)
	at org.springframework.web.servlet.FrameworkServlet.service(FrameworkServlet.java:812)
	at javax.servlet.http.HttpServlet.service(HttpServlet.java:731)
	at org.jasig.cas.web.init.SafeDispatcherServlet.service(SafeDispatcherServlet.java:125)
	at org.apache.catalina.core.ApplicationFilterChain.internalDoFilter(ApplicationFilterChain.java:303)
	at org.apache.catalina.core.ApplicationFilterChain.doFilter(ApplicationFilterChain.java:208)
	at org.apache.tomcat.websocket.server.WsFilter.doFilter(WsFilter.java:52)
	at org.apache.catalina.core.ApplicationFilterChain.internalDoFilter(ApplicationFilterChain.java:241)
	at org.apache.catalina.core.ApplicationFilterChain.doFilter(ApplicationFilterChain.java:208)
	at org.springframework.web.filter.CharacterEncodingFilter.doFilterInternal(CharacterEncodingFilter.java:88)
	at org.springframework.web.filter.OncePerRequestFilter.doFilter(OncePerRequestFilter.java:107)
	at org.springframework.web.filter.DelegatingFilterProxy.invokeDelegate(DelegatingFilterProxy.java:343)
	at org.springframework.web.filter.DelegatingFilterProxy.doFilter(DelegatingFilterProxy.java:260)
	at org.apache.catalina.core.ApplicationFilterChain.internalDoFilter(ApplicationFilterChain.java:241)
	at org.apache.catalina.core.ApplicationFilterChain.doFilter(ApplicationFilterChain.java:208)
	at com.github.inspektr.common.web.ClientInfoThreadLocalFilter.doFilter(ClientInfoThreadLocalFilter.java:63)
	at org.apache.catalina.core.ApplicationFilterChain.internalDoFilter(ApplicationFilterChain.java:241)
	at org.apache.catalina.core.ApplicationFilterChain.doFilter(ApplicationFilterChain.java:208)
	at org.apache.catalina.core.StandardWrapperValve.invoke(StandardWrapperValve.java:219)
	at org.apache.catalina.core.StandardContextValve.invoke(StandardContextValve.java:110)
	at org.apache.catalina.authenticator.AuthenticatorBase.invoke(AuthenticatorBase.java:506)
	at org.apache.catalina.core.StandardHostValve.invoke(StandardHostValve.java:169)
	at org.apache.catalina.valves.ErrorReportValve.invoke(ErrorReportValve.java:103)
	at org.apache.catalina.valves.AccessLogValve.invoke(AccessLogValve.java:962)
	at org.apache.catalina.core.StandardEngineValve.invoke(StandardEngineValve.java:116)
	at org.apache.catalina.connector.CoyoteAdapter.service(CoyoteAdapter.java:445)
	at org.apache.coyote.http11.AbstractHttp11Processor.process(AbstractHttp11Processor.java:1115)
	at org.apache.coyote.AbstractProtocol$AbstractConnectionHandler.process(AbstractProtocol.java:637)
	at org.apache.tomcat.util.net.JIoEndpoint$SocketProcessor.run(JIoEndpoint.java:318)
	at java.util.concurrent.ThreadPoolExecutor.runWorker(ThreadPoolExecutor.java:1149)
	at java.util.concurrent.ThreadPoolExecutor$Worker.run(ThreadPoolExecutor.java:624)
	at org.apache.tomcat.util.threads.TaskThread$WrappingRunnable.run(TaskThread.java:61)
	at java.lang.Thread.run(Thread.java:748)

十二月 19, 2017 5:48:02 下午 org.apache.catalina.core.StandardWrapperValve invoke
严重: Servlet.service() for servlet [cas] in context with path [/cas] threw exception [Request processing failed; nested exception is org.springframework.webflow.execution.FlowExecutionException: Exception thrown in state 'viewLoginForm' of flow 'login'] with root cause
org.apache.jasper.JasperException: /WEB-INF/view/jsp/default/ui/casLoginView.jsp (line: 47, column: 126) Unterminated &lt;%= tag
	at org.apache.jasper.compiler.DefaultErrorHandler.jspError(DefaultErrorHandler.java:42)
	at org.apache.jasper.compiler.ErrorDispatcher.dispatch(ErrorDispatcher.java:443)
	at org.apache.jasper.compiler.ErrorDispatcher.jspError(ErrorDispatcher.java:133)
	at org.apache.jasper.compiler.Parser.parseExpression(Parser.java:695)
	at org.apache.jasper.compiler.Parser.parseElements(Parser.java:1429)
	at org.apache.jasper.compiler.Parser.parse(Parser.java:138)
	at org.apache.jasper.compiler.ParserController.doParse(ParserController.java:242)
	at org.apache.jasper.compiler.ParserController.parse(ParserController.java:102)
	at org.apache.jasper.compiler.Compiler.generateJava(Compiler.java:199)
	at org.apache.jasper.compiler.Compiler.compile(Compiler.java:374)
	at org.apache.jasper.compiler.Compiler.compile(Compiler.java:354)
	at org.apache.jasper.compiler.Compiler.compile(Compiler.java:341)
	at org.apache.jasper.JspCompilationContext.compile(JspCompilationContext.java:660)
	at org.apache.jasper.servlet.JspServletWrapper.service(JspServletWrapper.java:364)
	at org.apache.jasper.servlet.JspServlet.serviceJspFile(JspServlet.java:395)
	at org.apache.jasper.servlet.JspServlet.service(JspServlet.java:339)
	at javax.servlet.http.HttpServlet.service(HttpServlet.java:731)
	at org.apache.catalina.core.ApplicationFilterChain.internalDoFilter(ApplicationFilterChain.java:303)
	at org.apache.catalina.core.ApplicationFilterChain.doFilter(ApplicationFilterChain.java:208)
	at org.apache.tomcat.websocket.server.WsFilter.doFilter(WsFilter.java:52)
	at org.apache.catalina.core.ApplicationFilterChain.internalDoFilter(ApplicationFilterChain.java:241)
	at org.apache.catalina.core.ApplicationFilterChain.doFilter(ApplicationFilterChain.java:208)
	at org.apache.catalina.core.ApplicationDispatcher.invoke(ApplicationDispatcher.java:743)
	at org.apache.catalina.core.ApplicationDispatcher.processRequest(ApplicationDispatcher.java:485)
	at org.apache.catalina.core.ApplicationDispatcher.doForward(ApplicationDispatcher.java:410)
	at org.apache.catalina.core.ApplicationDispatcher.forward(ApplicationDispatcher.java:337)
	at org.springframework.web.servlet.view.InternalResourceView.renderMergedOutputModel(InternalResourceView.java:238)
	at org.springframework.web.servlet.view.AbstractView.render(AbstractView.java:263)
	at org.springframework.webflow.mvc.servlet.ServletMvcView.doRender(ServletMvcView.java:55)
	at org.springframework.webflow.mvc.view.AbstractMvcView.render(AbstractMvcView.java:187)
	at org.springframework.webflow.engine.ViewState.render(ViewState.java:296)
	at org.springframework.webflow.engine.ViewState.doEnter(ViewState.java:186)
	at org.springframework.webflow.engine.State.enter(State.java:194)
	at org.springframework.webflow.engine.Transition.execute(Transition.java:227)
	at org.springframework.webflow.engine.impl.FlowExecutionImpl.execute(FlowExecutionImpl.java:393)
	at org.springframework.webflow.engine.impl.RequestControlContextImpl.execute(RequestControlContextImpl.java:214)
	at org.springframework.webflow.engine.TransitionableState.handleEvent(TransitionableState.java:119)
	at org.springframework.webflow.engine.Flow.handleEvent(Flow.java:555)
	at org.springframework.webflow.engine.impl.FlowExecutionImpl.handleEvent(FlowExecutionImpl.java:388)
	at org.springframework.webflow.engine.impl.RequestControlContextImpl.handleEvent(RequestControlContextImpl.java:210)
	at org.springframework.webflow.engine.ActionState.doEnter(ActionState.java:105)
	at org.springframework.webflow.engine.State.enter(State.java:194)
	at org.springframework.webflow.engine.Transition.execute(Transition.java:227)
	at org.springframework.webflow.engine.impl.FlowExecutionImpl.execute(FlowExecutionImpl.java:393)
	at org.springframework.webflow.engine.impl.RequestControlContextImpl.execute(RequestControlContextImpl.java:214)
	at org.springframework.webflow.engine.TransitionableState.handleEvent(TransitionableState.java:119)
	at org.springframework.webflow.engine.Flow.handleEvent(Flow.java:555)
	at org.springframework.webflow.engine.impl.FlowExecutionImpl.handleEvent(FlowExecutionImpl.java:388)
	at org.springframework.webflow.engine.impl.RequestControlContextImpl.handleEvent(RequestControlContextImpl.java:210)
	at org.springframework.webflow.engine.ActionState.doEnter(ActionState.java:105)
	at org.springframework.webflow.engine.State.enter(State.java:194)
	at org.springframework.webflow.engine.Transition.execute(Transition.java:227)
	at org.springframework.webflow.engine.DecisionState.doEnter(DecisionState.java:51)
	at org.springframework.webflow.engine.State.enter(State.java:194)
	at org.springframework.webflow.engine.Transition.execute(Transition.java:227)
	at org.springframework.webflow.engine.impl.FlowExecutionImpl.execute(FlowExecutionImpl.java:393)
	at org.springframework.webflow.engine.impl.RequestControlContextImpl.execute(RequestControlContextImpl.java:214)
	at org.springframework.webflow.engine.TransitionableState.handleEvent(TransitionableState.java:119)
	at org.springframework.webflow.engine.Flow.handleEvent(Flow.java:555)
	at org.springframework.webflow.engine.impl.FlowExecutionImpl.handleEvent(FlowExecutionImpl.java:388)
	at org.springframework.webflow.engine.impl.RequestControlContextImpl.handleEvent(RequestControlContextImpl.java:210)
	at org.springframework.webflow.engine.ActionState.doEnter(ActionState.java:105)
	at org.springframework.webflow.engine.State.enter(State.java:194)
	at org.springframework.webflow.engine.Flow.start(Flow.java:535)
	at org.springframework.webflow.engine.impl.FlowExecutionImpl.start(FlowExecutionImpl.java:366)
	at org.springframework.webflow.engine.impl.FlowExecutionImpl.start(FlowExecutionImpl.java:222)
	at org.springframework.webflow.executor.FlowExecutorImpl.launchExecution(FlowExecutorImpl.java:140)
	at org.springframework.webflow.mvc.servlet.FlowHandlerAdapter.handle(FlowHandlerAdapter.java:193)
	at org.springframework.web.servlet.DispatcherServlet.doDispatch(DispatcherServlet.java:925)
	at org.springframework.web.servlet.DispatcherServlet.doService(DispatcherServlet.java:856)
	at org.springframework.web.servlet.FrameworkServlet.processRequest(FrameworkServlet.java:936)
	at org.springframework.web.servlet.FrameworkServlet.doGet(FrameworkServlet.java:827)
	at javax.servlet.http.HttpServlet.service(HttpServlet.java:624)
	at org.springframework.web.servlet.FrameworkServlet.service(FrameworkServlet.java:812)
	at javax.servlet.http.HttpServlet.service(HttpServlet.java:731)
	at org.jasig.cas.web.init.SafeDispatcherServlet.service(SafeDispatcherServlet.java:125)
	at org.apache.catalina.core.ApplicationFilterChain.internalDoFilter(ApplicationFilterChain.java:303)
	at org.apache.catalina.core.ApplicationFilterChain.doFilter(ApplicationFilterChain.java:208)
	at org.apache.tomcat.websocket.server.WsFilter.doFilter(WsFilter.java:52)
	at org.apache.catalina.core.ApplicationFilterChain.internalDoFilter(ApplicationFilterChain.java:241)
	at org.apache.catalina.core.ApplicationFilterChain.doFilter(ApplicationFilterChain.java:208)
	at org.springframework.web.filter.CharacterEncodingFilter.doFilterInternal(CharacterEncodingFilter.java:88)
	at org.springframework.web.filter.OncePerRequestFilter.doFilter(OncePerRequestFilter.java:107)
	at org.springframework.web.filter.DelegatingFilterProxy.invokeDelegate(DelegatingFilterProxy.java:343)
	at org.springframework.web.filter.DelegatingFilterProxy.doFilter(DelegatingFilterProxy.java:260)
	at org.apache.catalina.core.ApplicationFilterChain.internalDoFilter(ApplicationFilterChain.java:241)
	at org.apache.catalina.core.ApplicationFilterChain.doFilter(ApplicationFilterChain.java:208)
	at com.github.inspektr.common.web.ClientInfoThreadLocalFilter.doFilter(ClientInfoThreadLocalFilter.java:63)
	at org.apache.catalina.core.ApplicationFilterChain.internalDoFilter(ApplicationFilterChain.java:241)
	at org.apache.catalina.core.ApplicationFilterChain.doFilter(ApplicationFilterChain.java:208)
	at org.apache.catalina.core.StandardWrapperValve.invoke(StandardWrapperValve.java:219)
	at org.apache.catalina.core.StandardContextValve.invoke(StandardContextValve.java:110)
	at org.apache.catalina.authenticator.AuthenticatorBase.invoke(AuthenticatorBase.java:506)
	at org.apache.catalina.core.StandardHostValve.invoke(StandardHostValve.java:169)
	at org.apache.catalina.valves.ErrorReportValve.invoke(ErrorReportValve.java:103)
	at org.apache.catalina.valves.AccessLogValve.invoke(AccessLogValve.java:962)
	at org.apache.catalina.core.StandardEngineValve.invoke(StandardEngineValve.java:116)
	at org.apache.catalina.connector.CoyoteAdapter.service(CoyoteAdapter.java:445)
	at org.apache.coyote.http11.AbstractHttp11Processor.process(AbstractHttp11Processor.java:1115)
	at org.apache.coyote.AbstractProtocol$AbstractConnectionHandler.process(AbstractProtocol.java:637)
	at org.apache.tomcat.util.net.JIoEndpoint$SocketProcessor.run(JIoEndpoint.java:318)
	at java.util.concurrent.ThreadPoolExecutor.runWorker(ThreadPoolExecutor.java:1149)
	at java.util.concurrent.ThreadPoolExecutor$Worker.run(ThreadPoolExecutor.java:624)
	at org.apache.tomcat.util.threads.TaskThread$WrappingRunnable.run(TaskThread.java:61)
	at java.lang.Thread.run(Thread.java:748)

十二月 19, 2017 5:51:01 下午 org.apache.catalina.core.ApplicationDispatcher invoke
严重: Servlet.service() for servlet jsp threw exception
org.apache.jasper.JasperException: /WEB-INF/view/jsp/default/ui/casLoginView.jsp (line: 47, column: 126) Unterminated &lt;%= tag
	at org.apache.jasper.compiler.DefaultErrorHandler.jspError(DefaultErrorHandler.java:42)
	at org.apache.jasper.compiler.ErrorDispatcher.dispatch(ErrorDispatcher.java:443)
	at org.apache.jasper.compiler.ErrorDispatcher.jspError(ErrorDispatcher.java:133)
	at org.apache.jasper.compiler.Parser.parseExpression(Parser.java:695)
	at org.apache.jasper.compiler.Parser.parseElements(Parser.java:1429)
	at org.apache.jasper.compiler.Parser.parse(Parser.java:138)
	at org.apache.jasper.compiler.ParserController.doParse(ParserController.java:242)
	at org.apache.jasper.compiler.ParserController.parse(ParserController.java:102)
	at org.apache.jasper.compiler.Compiler.generateJava(Compiler.java:199)
	at org.apache.jasper.compiler.Compiler.compile(Compiler.java:374)
	at org.apache.jasper.compiler.Compiler.compile(Compiler.java:354)
	at org.apache.jasper.compiler.Compiler.compile(Compiler.java:341)
	at org.apache.jasper.JspCompilationContext.compile(JspCompilationContext.java:660)
	at org.apache.jasper.servlet.JspServletWrapper.service(JspServletWrapper.java:364)
	at org.apache.jasper.servlet.JspServlet.serviceJspFile(JspServlet.java:395)
	at org.apache.jasper.servlet.JspServlet.service(JspServlet.java:339)
	at javax.servlet.http.HttpServlet.service(HttpServlet.java:731)
	at org.apache.catalina.core.ApplicationFilterChain.internalDoFilter(ApplicationFilterChain.java:303)
	at org.apache.catalina.core.ApplicationFilterChain.doFilter(ApplicationFilterChain.java:208)
	at org.apache.tomcat.websocket.server.WsFilter.doFilter(WsFilter.java:52)
	at org.apache.catalina.core.ApplicationFilterChain.internalDoFilter(ApplicationFilterChain.java:241)
	at org.apache.catalina.core.ApplicationFilterChain.doFilter(ApplicationFilterChain.java:208)
	at org.apache.catalina.core.ApplicationDispatcher.invoke(ApplicationDispatcher.java:743)
	at org.apache.catalina.core.ApplicationDispatcher.processRequest(ApplicationDispatcher.java:485)
	at org.apache.catalina.core.ApplicationDispatcher.doForward(ApplicationDispatcher.java:410)
	at org.apache.catalina.core.ApplicationDispatcher.forward(ApplicationDispatcher.java:337)
	at org.springframework.web.servlet.view.InternalResourceView.renderMergedOutputModel(InternalResourceView.java:238)
	at org.springframework.web.servlet.view.AbstractView.render(AbstractView.java:263)
	at org.springframework.webflow.mvc.servlet.ServletMvcView.doRender(ServletMvcView.java:55)
	at org.springframework.webflow.mvc.view.AbstractMvcView.render(AbstractMvcView.java:187)
	at org.springframework.webflow.engine.ViewState.render(ViewState.java:296)
	at org.springframework.webflow.engine.ViewState.doEnter(ViewState.java:186)
	at org.springframework.webflow.engine.State.enter(State.java:194)
	at org.springframework.webflow.engine.Transition.execute(Transition.java:227)
	at org.springframework.webflow.engine.impl.FlowExecutionImpl.execute(FlowExecutionImpl.java:393)
	at org.springframework.webflow.engine.impl.RequestControlContextImpl.execute(RequestControlContextImpl.java:214)
	at org.springframework.webflow.engine.TransitionableState.handleEvent(TransitionableState.java:119)
	at org.springframework.webflow.engine.Flow.handleEvent(Flow.java:555)
	at org.springframework.webflow.engine.impl.FlowExecutionImpl.handleEvent(FlowExecutionImpl.java:388)
	at org.springframework.webflow.engine.impl.RequestControlContextImpl.handleEvent(RequestControlContextImpl.java:210)
	at org.springframework.webflow.engine.ActionState.doEnter(ActionState.java:105)
	at org.springframework.webflow.engine.State.enter(State.java:194)
	at org.springframework.webflow.engine.Transition.execute(Transition.java:227)
	at org.springframework.webflow.engine.impl.FlowExecutionImpl.execute(FlowExecutionImpl.java:393)
	at org.springframework.webflow.engine.impl.RequestControlContextImpl.execute(RequestControlContextImpl.java:214)
	at org.springframework.webflow.engine.TransitionableState.handleEvent(TransitionableState.java:119)
	at org.springframework.webflow.engine.Flow.handleEvent(Flow.java:555)
	at org.springframework.webflow.engine.impl.FlowExecutionImpl.handleEvent(FlowExecutionImpl.java:388)
	at org.springframework.webflow.engine.impl.RequestControlContextImpl.handleEvent(RequestControlContextImpl.java:210)
	at org.springframework.webflow.engine.ActionState.doEnter(ActionState.java:105)
	at org.springframework.webflow.engine.State.enter(State.java:194)
	at org.springframework.webflow.engine.Transition.execute(Transition.java:227)
	at org.springframework.webflow.engine.DecisionState.doEnter(DecisionState.java:51)
	at org.springframework.webflow.engine.State.enter(State.java:194)
	at org.springframework.webflow.engine.Transition.execute(Transition.java:227)
	at org.springframework.webflow.engine.impl.FlowExecutionImpl.execute(FlowExecutionImpl.java:393)
	at org.springframework.webflow.engine.impl.RequestControlContextImpl.execute(RequestControlContextImpl.java:214)
	at org.springframework.webflow.engine.TransitionableState.handleEvent(TransitionableState.java:119)
	at org.springframework.webflow.engine.Flow.handleEvent(Flow.java:555)
	at org.springframework.webflow.engine.impl.FlowExecutionImpl.handleEvent(FlowExecutionImpl.java:388)
	at org.springframework.webflow.engine.impl.RequestControlContextImpl.handleEvent(RequestControlContextImpl.java:210)
	at org.springframework.webflow.engine.ActionState.doEnter(ActionState.java:105)
	at org.springframework.webflow.engine.State.enter(State.java:194)
	at org.springframework.webflow.engine.Flow.start(Flow.java:535)
	at org.springframework.webflow.engine.impl.FlowExecutionImpl.start(FlowExecutionImpl.java:366)
	at org.springframework.webflow.engine.impl.FlowExecutionImpl.start(FlowExecutionImpl.java:222)
	at org.springframework.webflow.executor.FlowExecutorImpl.launchExecution(FlowExecutorImpl.java:140)
	at org.springframework.webflow.mvc.servlet.FlowHandlerAdapter.handle(FlowHandlerAdapter.java:193)
	at org.springframework.web.servlet.DispatcherServlet.doDispatch(DispatcherServlet.java:925)
	at org.springframework.web.servlet.DispatcherServlet.doService(DispatcherServlet.java:856)
	at org.springframework.web.servlet.FrameworkServlet.processRequest(FrameworkServlet.java:936)
	at org.springframework.web.servlet.FrameworkServlet.doGet(FrameworkServlet.java:827)
	at javax.servlet.http.HttpServlet.service(HttpServlet.java:624)
	at org.springframework.web.servlet.FrameworkServlet.service(FrameworkServlet.java:812)
	at javax.servlet.http.HttpServlet.service(HttpServlet.java:731)
	at org.jasig.cas.web.init.SafeDispatcherServlet.service(SafeDispatcherServlet.java:125)
	at org.apache.catalina.core.ApplicationFilterChain.internalDoFilter(ApplicationFilterChain.java:303)
	at org.apache.catalina.core.ApplicationFilterChain.doFilter(ApplicationFilterChain.java:208)
	at org.apache.tomcat.websocket.server.WsFilter.doFilter(WsFilter.java:52)
	at org.apache.catalina.core.ApplicationFilterChain.internalDoFilter(ApplicationFilterChain.java:241)
	at org.apache.catalina.core.ApplicationFilterChain.doFilter(ApplicationFilterChain.java:208)
	at org.springframework.web.filter.CharacterEncodingFilter.doFilterInternal(CharacterEncodingFilter.java:88)
	at org.springframework.web.filter.OncePerRequestFilter.doFilter(OncePerRequestFilter.java:107)
	at org.springframework.web.filter.DelegatingFilterProxy.invokeDelegate(DelegatingFilterProxy.java:343)
	at org.springframework.web.filter.DelegatingFilterProxy.doFilter(DelegatingFilterProxy.java:260)
	at org.apache.catalina.core.ApplicationFilterChain.internalDoFilter(ApplicationFilterChain.java:241)
	at org.apache.catalina.core.ApplicationFilterChain.doFilter(ApplicationFilterChain.java:208)
	at com.github.inspektr.common.web.ClientInfoThreadLocalFilter.doFilter(ClientInfoThreadLocalFilter.java:63)
	at org.apache.catalina.core.ApplicationFilterChain.internalDoFilter(ApplicationFilterChain.java:241)
	at org.apache.catalina.core.ApplicationFilterChain.doFilter(ApplicationFilterChain.java:208)
	at org.apache.catalina.core.StandardWrapperValve.invoke(StandardWrapperValve.java:219)
	at org.apache.catalina.core.StandardContextValve.invoke(StandardContextValve.java:110)
	at org.apache.catalina.authenticator.AuthenticatorBase.invoke(AuthenticatorBase.java:506)
	at org.apache.catalina.core.StandardHostValve.invoke(StandardHostValve.java:169)
	at org.apache.catalina.valves.ErrorReportValve.invoke(ErrorReportValve.java:103)
	at org.apache.catalina.valves.AccessLogValve.invoke(AccessLogValve.java:962)
	at org.apache.catalina.core.StandardEngineValve.invoke(StandardEngineValve.java:116)
	at org.apache.catalina.connector.CoyoteAdapter.service(CoyoteAdapter.java:445)
	at org.apache.coyote.http11.AbstractHttp11Processor.process(AbstractHttp11Processor.java:1115)
	at org.apache.coyote.AbstractProtocol$AbstractConnectionHandler.process(AbstractProtocol.java:637)
	at org.apache.tomcat.util.net.JIoEndpoint$SocketProcessor.run(JIoEndpoint.java:316)
	at java.util.concurrent.ThreadPoolExecutor.runWorker(ThreadPoolExecutor.java:1149)
	at java.util.concurrent.ThreadPoolExecutor$Worker.run(ThreadPoolExecutor.java:624)
	at org.apache.tomcat.util.threads.TaskThread$WrappingRunnable.run(TaskThread.java:61)
	at java.lang.Thread.run(Thread.java:748)

十二月 19, 2017 5:51:01 下午 org.apache.catalina.core.StandardWrapperValve invoke
严重: Servlet.service() for servlet [cas] in context with path [/cas] threw exception [Request processing failed; nested exception is org.springframework.webflow.execution.FlowExecutionException: Exception thrown in state 'viewLoginForm' of flow 'login'] with root cause
org.apache.jasper.JasperException: /WEB-INF/view/jsp/default/ui/casLoginView.jsp (line: 47, column: 126) Unterminated &lt;%= tag
	at org.apache.jasper.compiler.DefaultErrorHandler.jspError(DefaultErrorHandler.java:42)
	at org.apache.jasper.compiler.ErrorDispatcher.dispatch(ErrorDispatcher.java:443)
	at org.apache.jasper.compiler.ErrorDispatcher.jspError(ErrorDispatcher.java:133)
	at org.apache.jasper.compiler.Parser.parseExpression(Parser.java:695)
	at org.apache.jasper.compiler.Parser.parseElements(Parser.java:1429)
	at org.apache.jasper.compiler.Parser.parse(Parser.java:138)
	at org.apache.jasper.compiler.ParserController.doParse(ParserController.java:242)
	at org.apache.jasper.compiler.ParserController.parse(ParserController.java:102)
	at org.apache.jasper.compiler.Compiler.generateJava(Compiler.java:199)
	at org.apache.jasper.compiler.Compiler.compile(Compiler.java:374)
	at org.apache.jasper.compiler.Compiler.compile(Compiler.java:354)
	at org.apache.jasper.compiler.Compiler.compile(Compiler.java:341)
	at org.apache.jasper.JspCompilationContext.compile(JspCompilationContext.java:660)
	at org.apache.jasper.servlet.JspServletWrapper.service(JspServletWrapper.java:364)
	at org.apache.jasper.servlet.JspServlet.serviceJspFile(JspServlet.java:395)
	at org.apache.jasper.servlet.JspServlet.service(JspServlet.java:339)
	at javax.servlet.http.HttpServlet.service(HttpServlet.java:731)
	at org.apache.catalina.core.ApplicationFilterChain.internalDoFilter(ApplicationFilterChain.java:303)
	at org.apache.catalina.core.ApplicationFilterChain.doFilter(ApplicationFilterChain.java:208)
	at org.apache.tomcat.websocket.server.WsFilter.doFilter(WsFilter.java:52)
	at org.apache.catalina.core.ApplicationFilterChain.internalDoFilter(ApplicationFilterChain.java:241)
	at org.apache.catalina.core.ApplicationFilterChain.doFilter(ApplicationFilterChain.java:208)
	at org.apache.catalina.core.ApplicationDispatcher.invoke(ApplicationDispatcher.java:743)
	at org.apache.catalina.core.ApplicationDispatcher.processRequest(ApplicationDispatcher.java:485)
	at org.apache.catalina.core.ApplicationDispatcher.doForward(ApplicationDispatcher.java:410)
	at org.apache.catalina.core.ApplicationDispatcher.forward(ApplicationDispatcher.java:337)
	at org.springframework.web.servlet.view.InternalResourceView.renderMergedOutputModel(InternalResourceView.java:238)
	at org.springframework.web.servlet.view.AbstractView.render(AbstractView.java:263)
	at org.springframework.webflow.mvc.servlet.ServletMvcView.doRender(ServletMvcView.java:55)
	at org.springframework.webflow.mvc.view.AbstractMvcView.render(AbstractMvcView.java:187)
	at org.springframework.webflow.engine.ViewState.render(ViewState.java:296)
	at org.springframework.webflow.engine.ViewState.doEnter(ViewState.java:186)
	at org.springframework.webflow.engine.State.enter(State.java:194)
	at org.springframework.webflow.engine.Transition.execute(Transition.java:227)
	at org.springframework.webflow.engine.impl.FlowExecutionImpl.execute(FlowExecutionImpl.java:393)
	at org.springframework.webflow.engine.impl.RequestControlContextImpl.execute(RequestControlContextImpl.java:214)
	at org.springframework.webflow.engine.TransitionableState.handleEvent(TransitionableState.java:119)
	at org.springframework.webflow.engine.Flow.handleEvent(Flow.java:555)
	at org.springframework.webflow.engine.impl.FlowExecutionImpl.handleEvent(FlowExecutionImpl.java:388)
	at org.springframework.webflow.engine.impl.RequestControlContextImpl.handleEvent(RequestControlContextImpl.java:210)
	at org.springframework.webflow.engine.ActionState.doEnter(ActionState.java:105)
	at org.springframework.webflow.engine.State.enter(State.java:194)
	at org.springframework.webflow.engine.Transition.execute(Transition.java:227)
	at org.springframework.webflow.engine.impl.FlowExecutionImpl.execute(FlowExecutionImpl.java:393)
	at org.springframework.webflow.engine.impl.RequestControlContextImpl.execute(RequestControlContextImpl.java:214)
	at org.springframework.webflow.engine.TransitionableState.handleEvent(TransitionableState.java:119)
	at org.springframework.webflow.engine.Flow.handleEvent(Flow.java:555)
	at org.springframework.webflow.engine.impl.FlowExecutionImpl.handleEvent(FlowExecutionImpl.java:388)
	at org.springframework.webflow.engine.impl.RequestControlContextImpl.handleEvent(RequestControlContextImpl.java:210)
	at org.springframework.webflow.engine.ActionState.doEnter(ActionState.java:105)
	at org.springframework.webflow.engine.State.enter(State.java:194)
	at org.springframework.webflow.engine.Transition.execute(Transition.java:227)
	at org.springframework.webflow.engine.DecisionState.doEnter(DecisionState.java:51)
	at org.springframework.webflow.engine.State.enter(State.java:194)
	at org.springframework.webflow.engine.Transition.execute(Transition.java:227)
	at org.springframework.webflow.engine.impl.FlowExecutionImpl.execute(FlowExecutionImpl.java:393)
	at org.springframework.webflow.engine.impl.RequestControlContextImpl.execute(RequestControlContextImpl.java:214)
	at org.springframework.webflow.engine.TransitionableState.handleEvent(TransitionableState.java:119)
	at org.springframework.webflow.engine.Flow.handleEvent(Flow.java:555)
	at org.springframework.webflow.engine.impl.FlowExecutionImpl.handleEvent(FlowExecutionImpl.java:388)
	at org.springframework.webflow.engine.impl.RequestControlContextImpl.handleEvent(RequestControlContextImpl.java:210)
	at org.springframework.webflow.engine.ActionState.doEnter(ActionState.java:105)
	at org.springframework.webflow.engine.State.enter(State.java:194)
	at org.springframework.webflow.engine.Flow.start(Flow.java:535)
	at org.springframework.webflow.engine.impl.FlowExecutionImpl.start(FlowExecutionImpl.java:366)
	at org.springframework.webflow.engine.impl.FlowExecutionImpl.start(FlowExecutionImpl.java:222)
	at org.springframework.webflow.executor.FlowExecutorImpl.launchExecution(FlowExecutorImpl.java:140)
	at org.springframework.webflow.mvc.servlet.FlowHandlerAdapter.handle(FlowHandlerAdapter.java:193)
	at org.springframework.web.servlet.DispatcherServlet.doDispatch(DispatcherServlet.java:925)
	at org.springframework.web.servlet.DispatcherServlet.doService(DispatcherServlet.java:856)
	at org.springframework.web.servlet.FrameworkServlet.processRequest(FrameworkServlet.java:936)
	at org.springframework.web.servlet.FrameworkServlet.doGet(FrameworkServlet.java:827)
	at javax.servlet.http.HttpServlet.service(HttpServlet.java:624)
	at org.springframework.web.servlet.FrameworkServlet.service(FrameworkServlet.java:812)
	at javax.servlet.http.HttpServlet.service(HttpServlet.java:731)
	at org.jasig.cas.web.init.SafeDispatcherServlet.service(SafeDispatcherServlet.java:125)
	at org.apache.catalina.core.ApplicationFilterChain.internalDoFilter(ApplicationFilterChain.java:303)
	at org.apache.catalina.core.ApplicationFilterChain.doFilter(ApplicationFilterChain.java:208)
	at org.apache.tomcat.websocket.server.WsFilter.doFilter(WsFilter.java:52)
	at org.apache.catalina.core.ApplicationFilterChain.internalDoFilter(ApplicationFilterChain.java:241)
	at org.apache.catalina.core.ApplicationFilterChain.doFilter(ApplicationFilterChain.java:208)
	at org.springframework.web.filter.CharacterEncodingFilter.doFilterInternal(CharacterEncodingFilter.java:88)
	at org.springframework.web.filter.OncePerRequestFilter.doFilter(OncePerRequestFilter.java:107)
	at org.springframework.web.filter.DelegatingFilterProxy.invokeDelegate(DelegatingFilterProxy.java:343)
	at org.springframework.web.filter.DelegatingFilterProxy.doFilter(DelegatingFilterProxy.java:260)
	at org.apache.catalina.core.ApplicationFilterChain.internalDoFilter(ApplicationFilterChain.java:241)
	at org.apache.catalina.core.ApplicationFilterChain.doFilter(ApplicationFilterChain.java:208)
	at com.github.inspektr.common.web.ClientInfoThreadLocalFilter.doFilter(ClientInfoThreadLocalFilter.java:63)
	at org.apache.catalina.core.ApplicationFilterChain.internalDoFilter(ApplicationFilterChain.java:241)
	at org.apache.catalina.core.ApplicationFilterChain.doFilter(ApplicationFilterChain.java:208)
	at org.apache.catalina.core.StandardWrapperValve.invoke(StandardWrapperValve.java:219)
	at org.apache.catalina.core.StandardContextValve.invoke(StandardContextValve.java:110)
	at org.apache.catalina.authenticator.AuthenticatorBase.invoke(AuthenticatorBase.java:506)
	at org.apache.catalina.core.StandardHostValve.invoke(StandardHostValve.java:169)
	at org.apache.catalina.valves.ErrorReportValve.invoke(ErrorReportValve.java:103)
	at org.apache.catalina.valves.AccessLogValve.invoke(AccessLogValve.java:962)
	at org.apache.catalina.core.StandardEngineValve.invoke(StandardEngineValve.java:116)
	at org.apache.catalina.connector.CoyoteAdapter.service(CoyoteAdapter.java:445)
	at org.apache.coyote.http11.AbstractHttp11Processor.process(AbstractHttp11Processor.java:1115)
	at org.apache.coyote.AbstractProtocol$AbstractConnectionHandler.process(AbstractProtocol.java:637)
	at org.apache.tomcat.util.net.JIoEndpoint$SocketProcessor.run(JIoEndpoint.java:316)
	at java.util.concurrent.ThreadPoolExecutor.runWorker(ThreadPoolExecutor.java:1149)
	at java.util.concurrent.ThreadPoolExecutor$Worker.run(ThreadPoolExecutor.java:624)
	at org.apache.tomcat.util.threads.TaskThread$WrappingRunnable.run(TaskThread.java:61)
	at java.lang.Thread.run(Thread.java:748)

十二月 19, 2017 5:52:08 下午 org.apache.catalina.core.ApplicationDispatcher invoke
严重: Servlet.service() for servlet jsp threw exception
org.apache.jasper.JasperException: /WEB-INF/view/jsp/default/ui/casLoginView.jsp (line: 47, column: 126) Unterminated &lt;%= tag
	at org.apache.jasper.compiler.DefaultErrorHandler.jspError(DefaultErrorHandler.java:42)
	at org.apache.jasper.compiler.ErrorDispatcher.dispatch(ErrorDispatcher.java:443)
	at org.apache.jasper.compiler.ErrorDispatcher.jspError(ErrorDispatcher.java:133)
	at org.apache.jasper.compiler.Parser.parseExpression(Parser.java:695)
	at org.apache.jasper.compiler.Parser.parseElements(Parser.java:1429)
	at org.apache.jasper.compiler.Parser.parse(Parser.java:138)
	at org.apache.jasper.compiler.ParserController.doParse(ParserController.java:242)
	at org.apache.jasper.compiler.ParserController.parse(ParserController.java:102)
	at org.apache.jasper.compiler.Compiler.generateJava(Compiler.java:199)
	at org.apache.jasper.compiler.Compiler.compile(Compiler.java:374)
	at org.apache.jasper.compiler.Compiler.compile(Compiler.java:354)
	at org.apache.jasper.compiler.Compiler.compile(Compiler.java:341)
	at org.apache.jasper.JspCompilationContext.compile(JspCompilationContext.java:660)
	at org.apache.jasper.servlet.JspServletWrapper.service(JspServletWrapper.java:364)
	at org.apache.jasper.servlet.JspServlet.serviceJspFile(JspServlet.java:395)
	at org.apache.jasper.servlet.JspServlet.service(JspServlet.java:339)
	at javax.servlet.http.HttpServlet.service(HttpServlet.java:731)
	at org.apache.catalina.core.ApplicationFilterChain.internalDoFilter(ApplicationFilterChain.java:303)
	at org.apache.catalina.core.ApplicationFilterChain.doFilter(ApplicationFilterChain.java:208)
	at org.apache.tomcat.websocket.server.WsFilter.doFilter(WsFilter.java:52)
	at org.apache.catalina.core.ApplicationFilterChain.internalDoFilter(ApplicationFilterChain.java:241)
	at org.apache.catalina.core.ApplicationFilterChain.doFilter(ApplicationFilterChain.java:208)
	at org.apache.catalina.core.ApplicationDispatcher.invoke(ApplicationDispatcher.java:743)
	at org.apache.catalina.core.ApplicationDispatcher.processRequest(ApplicationDispatcher.java:485)
	at org.apache.catalina.core.ApplicationDispatcher.doForward(ApplicationDispatcher.java:410)
	at org.apache.catalina.core.ApplicationDispatcher.forward(ApplicationDispatcher.java:337)
	at org.springframework.web.servlet.view.InternalResourceView.renderMergedOutputModel(InternalResourceView.java:238)
	at org.springframework.web.servlet.view.AbstractView.render(AbstractView.java:263)
	at org.springframework.webflow.mvc.servlet.ServletMvcView.doRender(ServletMvcView.java:55)
	at org.springframework.webflow.mvc.view.AbstractMvcView.render(AbstractMvcView.java:187)
	at org.springframework.webflow.engine.ViewState.render(ViewState.java:296)
	at org.springframework.webflow.engine.ViewState.doEnter(ViewState.java:186)
	at org.springframework.webflow.engine.State.enter(State.java:194)
	at org.springframework.webflow.engine.Transition.execute(Transition.java:227)
	at org.springframework.webflow.engine.impl.FlowExecutionImpl.execute(FlowExecutionImpl.java:393)
	at org.springframework.webflow.engine.impl.RequestControlContextImpl.execute(RequestControlContextImpl.java:214)
	at org.springframework.webflow.engine.TransitionableState.handleEvent(TransitionableState.java:119)
	at org.springframework.webflow.engine.Flow.handleEvent(Flow.java:555)
	at org.springframework.webflow.engine.impl.FlowExecutionImpl.handleEvent(FlowExecutionImpl.java:388)
	at org.springframework.webflow.engine.impl.RequestControlContextImpl.handleEvent(RequestControlContextImpl.java:210)
	at org.springframework.webflow.engine.ActionState.doEnter(ActionState.java:105)
	at org.springframework.webflow.engine.State.enter(State.java:194)
	at org.springframework.webflow.engine.Transition.execute(Transition.java:227)
	at org.springframework.webflow.engine.impl.FlowExecutionImpl.execute(FlowExecutionImpl.java:393)
	at org.springframework.webflow.engine.impl.RequestControlContextImpl.execute(RequestControlContextImpl.java:214)
	at org.springframework.webflow.engine.TransitionableState.handleEvent(TransitionableState.java:119)
	at org.springframework.webflow.engine.Flow.handleEvent(Flow.java:555)
	at org.springframework.webflow.engine.impl.FlowExecutionImpl.handleEvent(FlowExecutionImpl.java:388)
	at org.springframework.webflow.engine.impl.RequestControlContextImpl.handleEvent(RequestControlContextImpl.java:210)
	at org.springframework.webflow.engine.ActionState.doEnter(ActionState.java:105)
	at org.springframework.webflow.engine.State.enter(State.java:194)
	at org.springframework.webflow.engine.Transition.execute(Transition.java:227)
	at org.springframework.webflow.engine.DecisionState.doEnter(DecisionState.java:51)
	at org.springframework.webflow.engine.State.enter(State.java:194)
	at org.springframework.webflow.engine.Transition.execute(Transition.java:227)
	at org.springframework.webflow.engine.impl.FlowExecutionImpl.execute(FlowExecutionImpl.java:393)
	at org.springframework.webflow.engine.impl.RequestControlContextImpl.execute(RequestControlContextImpl.java:214)
	at org.springframework.webflow.engine.TransitionableState.handleEvent(TransitionableState.java:119)
	at org.springframework.webflow.engine.Flow.handleEvent(Flow.java:555)
	at org.springframework.webflow.engine.impl.FlowExecutionImpl.handleEvent(FlowExecutionImpl.java:388)
	at org.springframework.webflow.engine.impl.RequestControlContextImpl.handleEvent(RequestControlContextImpl.java:210)
	at org.springframework.webflow.engine.ActionState.doEnter(ActionState.java:105)
	at org.springframework.webflow.engine.State.enter(State.java:194)
	at org.springframework.webflow.engine.Flow.start(Flow.java:535)
	at org.springframework.webflow.engine.impl.FlowExecutionImpl.start(FlowExecutionImpl.java:366)
	at org.springframework.webflow.engine.impl.FlowExecutionImpl.start(FlowExecutionImpl.java:222)
	at org.springframework.webflow.executor.FlowExecutorImpl.launchExecution(FlowExecutorImpl.java:140)
	at org.springframework.webflow.mvc.servlet.FlowHandlerAdapter.handle(FlowHandlerAdapter.java:193)
	at org.springframework.web.servlet.DispatcherServlet.doDispatch(DispatcherServlet.java:925)
	at org.springframework.web.servlet.DispatcherServlet.doService(DispatcherServlet.java:856)
	at org.springframework.web.servlet.FrameworkServlet.processRequest(FrameworkServlet.java:936)
	at org.springframework.web.servlet.FrameworkServlet.doGet(FrameworkServlet.java:827)
	at javax.servlet.http.HttpServlet.service(HttpServlet.java:624)
	at org.springframework.web.servlet.FrameworkServlet.service(FrameworkServlet.java:812)
	at javax.servlet.http.HttpServlet.service(HttpServlet.java:731)
	at org.jasig.cas.web.init.SafeDispatcherServlet.service(SafeDispatcherServlet.java:125)
	at org.apache.catalina.core.ApplicationFilterChain.internalDoFilter(ApplicationFilterChain.java:303)
	at org.apache.catalina.core.ApplicationFilterChain.doFilter(ApplicationFilterChain.java:208)
	at org.apache.tomcat.websocket.server.WsFilter.doFilter(WsFilter.java:52)
	at org.apache.catalina.core.ApplicationFilterChain.internalDoFilter(ApplicationFilterChain.java:241)
	at org.apache.catalina.core.ApplicationFilterChain.doFilter(ApplicationFilterChain.java:208)
	at org.springframework.web.filter.CharacterEncodingFilter.doFilterInternal(CharacterEncodingFilter.java:88)
	at org.springframework.web.filter.OncePerRequestFilter.doFilter(OncePerRequestFilter.java:107)
	at org.springframework.web.filter.DelegatingFilterProxy.invokeDelegate(DelegatingFilterProxy.java:343)
	at org.springframework.web.filter.DelegatingFilterProxy.doFilter(DelegatingFilterProxy.java:260)
	at org.apache.catalina.core.ApplicationFilterChain.internalDoFilter(ApplicationFilterChain.java:241)
	at org.apache.catalina.core.ApplicationFilterChain.doFilter(ApplicationFilterChain.java:208)
	at com.github.inspektr.common.web.ClientInfoThreadLocalFilter.doFilter(ClientInfoThreadLocalFilter.java:63)
	at org.apache.catalina.core.ApplicationFilterChain.internalDoFilter(ApplicationFilterChain.java:241)
	at org.apache.catalina.core.ApplicationFilterChain.doFilter(ApplicationFilterChain.java:208)
	at org.apache.catalina.core.StandardWrapperValve.invoke(StandardWrapperValve.java:219)
	at org.apache.catalina.core.StandardContextValve.invoke(StandardContextValve.java:110)
	at org.apache.catalina.authenticator.AuthenticatorBase.invoke(AuthenticatorBase.java:506)
	at org.apache.catalina.core.StandardHostValve.invoke(StandardHostValve.java:169)
	at org.apache.catalina.valves.ErrorReportValve.invoke(ErrorReportValve.java:103)
	at org.apache.catalina.valves.AccessLogValve.invoke(AccessLogValve.java:962)
	at org.apache.catalina.core.StandardEngineValve.invoke(StandardEngineValve.java:116)
	at org.apache.catalina.connector.CoyoteAdapter.service(CoyoteAdapter.java:445)
	at org.apache.coyote.http11.AbstractHttp11Processor.process(AbstractHttp11Processor.java:1115)
	at org.apache.coyote.AbstractProtocol$AbstractConnectionHandler.process(AbstractProtocol.java:637)
	at org.apache.tomcat.util.net.JIoEndpoint$SocketProcessor.run(JIoEndpoint.java:318)
	at java.util.concurrent.ThreadPoolExecutor.runWorker(ThreadPoolExecutor.java:1149)
	at java.util.concurrent.ThreadPoolExecutor$Worker.run(ThreadPoolExecutor.java:624)
	at org.apache.tomcat.util.threads.TaskThread$WrappingRunnable.run(TaskThread.java:61)
	at java.lang.Thread.run(Thread.java:748)

十二月 19, 2017 5:52:08 下午 org.apache.catalina.core.StandardWrapperValve invoke
严重: Servlet.service() for servlet [cas] in context with path [/cas] threw exception [Request processing failed; nested exception is org.springframework.webflow.execution.FlowExecutionException: Exception thrown in state 'viewLoginForm' of flow 'login'] with root cause
org.apache.jasper.JasperException: /WEB-INF/view/jsp/default/ui/casLoginView.jsp (line: 47, column: 126) Unterminated &lt;%= tag
	at org.apache.jasper.compiler.DefaultErrorHandler.jspError(DefaultErrorHandler.java:42)
	at org.apache.jasper.compiler.ErrorDispatcher.dispatch(ErrorDispatcher.java:443)
	at org.apache.jasper.compiler.ErrorDispatcher.jspError(ErrorDispatcher.java:133)
	at org.apache.jasper.compiler.Parser.parseExpression(Parser.java:695)
	at org.apache.jasper.compiler.Parser.parseElements(Parser.java:1429)
	at org.apache.jasper.compiler.Parser.parse(Parser.java:138)
	at org.apache.jasper.compiler.ParserController.doParse(ParserController.java:242)
	at org.apache.jasper.compiler.ParserController.parse(ParserController.java:102)
	at org.apache.jasper.compiler.Compiler.generateJava(Compiler.java:199)
	at org.apache.jasper.compiler.Compiler.compile(Compiler.java:374)
	at org.apache.jasper.compiler.Compiler.compile(Compiler.java:354)
	at org.apache.jasper.compiler.Compiler.compile(Compiler.java:341)
	at org.apache.jasper.JspCompilationContext.compile(JspCompilationContext.java:660)
	at org.apache.jasper.servlet.JspServletWrapper.service(JspServletWrapper.java:364)
	at org.apache.jasper.servlet.JspServlet.serviceJspFile(JspServlet.java:395)
	at org.apache.jasper.servlet.JspServlet.service(JspServlet.java:339)
	at javax.servlet.http.HttpServlet.service(HttpServlet.java:731)
	at org.apache.catalina.core.ApplicationFilterChain.internalDoFilter(ApplicationFilterChain.java:303)
	at org.apache.catalina.core.ApplicationFilterChain.doFilter(ApplicationFilterChain.java:208)
	at org.apache.tomcat.websocket.server.WsFilter.doFilter(WsFilter.java:52)
	at org.apache.catalina.core.ApplicationFilterChain.internalDoFilter(ApplicationFilterChain.java:241)
	at org.apache.catalina.core.ApplicationFilterChain.doFilter(ApplicationFilterChain.java:208)
	at org.apache.catalina.core.ApplicationDispatcher.invoke(ApplicationDispatcher.java:743)
	at org.apache.catalina.core.ApplicationDispatcher.processRequest(ApplicationDispatcher.java:485)
	at org.apache.catalina.core.ApplicationDispatcher.doForward(ApplicationDispatcher.java:410)
	at org.apache.catalina.core.ApplicationDispatcher.forward(ApplicationDispatcher.java:337)
	at org.springframework.web.servlet.view.InternalResourceView.renderMergedOutputModel(InternalResourceView.java:238)
	at org.springframework.web.servlet.view.AbstractView.render(AbstractView.java:263)
	at org.springframework.webflow.mvc.servlet.ServletMvcView.doRender(ServletMvcView.java:55)
	at org.springframework.webflow.mvc.view.AbstractMvcView.render(AbstractMvcView.java:187)
	at org.springframework.webflow.engine.ViewState.render(ViewState.java:296)
	at org.springframework.webflow.engine.ViewState.doEnter(ViewState.java:186)
	at org.springframework.webflow.engine.State.enter(State.java:194)
	at org.springframework.webflow.engine.Transition.execute(Transition.java:227)
	at org.springframework.webflow.engine.impl.FlowExecutionImpl.execute(FlowExecutionImpl.java:393)
	at org.springframework.webflow.engine.impl.RequestControlContextImpl.execute(RequestControlContextImpl.java:214)
	at org.springframework.webflow.engine.TransitionableState.handleEvent(TransitionableState.java:119)
	at org.springframework.webflow.engine.Flow.handleEvent(Flow.java:555)
	at org.springframework.webflow.engine.impl.FlowExecutionImpl.handleEvent(FlowExecutionImpl.java:388)
	at org.springframework.webflow.engine.impl.RequestControlContextImpl.handleEvent(RequestControlContextImpl.java:210)
	at org.springframework.webflow.engine.ActionState.doEnter(ActionState.java:105)
	at org.springframework.webflow.engine.State.enter(State.java:194)
	at org.springframework.webflow.engine.Transition.execute(Transition.java:227)
	at org.springframework.webflow.engine.impl.FlowExecutionImpl.execute(FlowExecutionImpl.java:393)
	at org.springframework.webflow.engine.impl.RequestControlContextImpl.execute(RequestControlContextImpl.java:214)
	at org.springframework.webflow.engine.TransitionableState.handleEvent(TransitionableState.java:119)
	at org.springframework.webflow.engine.Flow.handleEvent(Flow.java:555)
	at org.springframework.webflow.engine.impl.FlowExecutionImpl.handleEvent(FlowExecutionImpl.java:388)
	at org.springframework.webflow.engine.impl.RequestControlContextImpl.handleEvent(RequestControlContextImpl.java:210)
	at org.springframework.webflow.engine.ActionState.doEnter(ActionState.java:105)
	at org.springframework.webflow.engine.State.enter(State.java:194)
	at org.springframework.webflow.engine.Transition.execute(Transition.java:227)
	at org.springframework.webflow.engine.DecisionState.doEnter(DecisionState.java:51)
	at org.springframework.webflow.engine.State.enter(State.java:194)
	at org.springframework.webflow.engine.Transition.execute(Transition.java:227)
	at org.springframework.webflow.engine.impl.FlowExecutionImpl.execute(FlowExecutionImpl.java:393)
	at org.springframework.webflow.engine.impl.RequestControlContextImpl.execute(RequestControlContextImpl.java:214)
	at org.springframework.webflow.engine.TransitionableState.handleEvent(TransitionableState.java:119)
	at org.springframework.webflow.engine.Flow.handleEvent(Flow.java:555)
	at org.springframework.webflow.engine.impl.FlowExecutionImpl.handleEvent(FlowExecutionImpl.java:388)
	at org.springframework.webflow.engine.impl.RequestControlContextImpl.handleEvent(RequestControlContextImpl.java:210)
	at org.springframework.webflow.engine.ActionState.doEnter(ActionState.java:105)
	at org.springframework.webflow.engine.State.enter(State.java:194)
	at org.springframework.webflow.engine.Flow.start(Flow.java:535)
	at org.springframework.webflow.engine.impl.FlowExecutionImpl.start(FlowExecutionImpl.java:366)
	at org.springframework.webflow.engine.impl.FlowExecutionImpl.start(FlowExecutionImpl.java:222)
	at org.springframework.webflow.executor.FlowExecutorImpl.launchExecution(FlowExecutorImpl.java:140)
	at org.springframework.webflow.mvc.servlet.FlowHandlerAdapter.handle(FlowHandlerAdapter.java:193)
	at org.springframework.web.servlet.DispatcherServlet.doDispatch(DispatcherServlet.java:925)
	at org.springframework.web.servlet.DispatcherServlet.doService(DispatcherServlet.java:856)
	at org.springframework.web.servlet.FrameworkServlet.processRequest(FrameworkServlet.java:936)
	at org.springframework.web.servlet.FrameworkServlet.doGet(FrameworkServlet.java:827)
	at javax.servlet.http.HttpServlet.service(HttpServlet.java:624)
	at org.springframework.web.servlet.FrameworkServlet.service(FrameworkServlet.java:812)
	at javax.servlet.http.HttpServlet.service(HttpServlet.java:731)
	at org.jasig.cas.web.init.SafeDispatcherServlet.service(SafeDispatcherServlet.java:125)
	at org.apache.catalina.core.ApplicationFilterChain.internalDoFilter(ApplicationFilterChain.java:303)
	at org.apache.catalina.core.ApplicationFilterChain.doFilter(ApplicationFilterChain.java:208)
	at org.apache.tomcat.websocket.server.WsFilter.doFilter(WsFilter.java:52)
	at org.apache.catalina.core.ApplicationFilterChain.internalDoFilter(ApplicationFilterChain.java:241)
	at org.apache.catalina.core.ApplicationFilterChain.doFilter(ApplicationFilterChain.java:208)
	at org.springframework.web.filter.CharacterEncodingFilter.doFilterInternal(CharacterEncodingFilter.java:88)
	at org.springframework.web.filter.OncePerRequestFilter.doFilter(OncePerRequestFilter.java:107)
	at org.springframework.web.filter.DelegatingFilterProxy.invokeDelegate(DelegatingFilterProxy.java:343)
	at org.springframework.web.filter.DelegatingFilterProxy.doFilter(DelegatingFilterProxy.java:260)
	at org.apache.catalina.core.ApplicationFilterChain.internalDoFilter(ApplicationFilterChain.java:241)
	at org.apache.catalina.core.ApplicationFilterChain.doFilter(ApplicationFilterChain.java:208)
	at com.github.inspektr.common.web.ClientInfoThreadLocalFilter.doFilter(ClientInfoThreadLocalFilter.java:63)
	at org.apache.catalina.core.ApplicationFilterChain.internalDoFilter(ApplicationFilterChain.java:241)
	at org.apache.catalina.core.ApplicationFilterChain.doFilter(ApplicationFilterChain.java:208)
	at org.apache.catalina.core.StandardWrapperValve.invoke(StandardWrapperValve.java:219)
	at org.apache.catalina.core.StandardContextValve.invoke(StandardContextValve.java:110)
	at org.apache.catalina.authenticator.AuthenticatorBase.invoke(AuthenticatorBase.java:506)
	at org.apache.catalina.core.StandardHostValve.invoke(StandardHostValve.java:169)
	at org.apache.catalina.valves.ErrorReportValve.invoke(ErrorReportValve.java:103)
	at org.apache.catalina.valves.AccessLogValve.invoke(AccessLogValve.java:962)
	at org.apache.catalina.core.StandardEngineValve.invoke(StandardEngineValve.java:116)
	at org.apache.catalina.connector.CoyoteAdapter.service(CoyoteAdapter.java:445)
	at org.apache.coyote.http11.AbstractHttp11Processor.process(AbstractHttp11Processor.java:1115)
	at org.apache.coyote.AbstractProtocol$AbstractConnectionHandler.process(AbstractProtocol.java:637)
	at org.apache.tomcat.util.net.JIoEndpoint$SocketProcessor.run(JIoEndpoint.java:318)
	at java.util.concurrent.ThreadPoolExecutor.runWorker(ThreadPoolExecutor.java:1149)
	at java.util.concurrent.ThreadPoolExecutor$Worker.run(ThreadPoolExecutor.java:624)
	at org.apache.tomcat.util.threads.TaskThread$WrappingRunnable.run(TaskThread.java:61)
	at java.lang.Thread.run(Thread.java:748)

十二月 19, 2017 5:59:00 下午 org.apache.catalina.core.ApplicationContext log
信息: No Spring WebApplicationInitializer types detected on classpath
十二月 19, 2017 5:59:00 下午 org.apache.catalina.core.ApplicationContext log
信息: Initializing Spring root WebApplicationContext
十二月 19, 2017 5:59:03 下午 org.apache.catalina.core.ApplicationContext log
信息: Initializing Spring FrameworkServlet 'cas'
十二月 19, 2017 5:59:03 下午 org.apache.catalina.core.ApplicationContext log
信息: ContextListener: contextInitialized()
十二月 19, 2017 5:59:03 下午 org.apache.catalina.core.ApplicationContext log
信息: SessionListener: contextInitialized()
十二月 19, 2017 5:59:03 下午 org.apache.catalina.core.ApplicationContext log
信息: ContextListener: attributeAdded('org.apache.jasper.compiler.TldLocationsCache', 'org.apache.jasper.compiler.TldLocationsCache@a906db')
